Using pre-set license
Built from '2020.2/staging' branch; Version is '2020.2.7f1 (c53830e277f1) revision 12924976'; Using compiler version '192528614'; Build Type 'Release'
OS: 'Windows 10 Home; OS build 19042.928; Version 2009; 64bit' Language: 'sv' Physical Memory: 8145 MB
BatchMode: 1, IsHumanControllingUs: 0, StartBugReporterOnCrash: 0, Is64bit: 1, IsPro: 0

 COMMAND LINE ARGUMENTS:
C:\Program Files\Unity\Hub\Editor\2020.2.7f1\Editor\Unity.exe
-adb2
-batchMode
-noUpm
-name
AssetImportWorker1
-projectPath
C:/Users/xelez/Documents/GitHub/VR/Degree-Project/ObstaclePath
-logFile
Logs/AssetImportWorker1.log
-srvPort
60910
Successfully changed project path to: C:/Users/xelez/Documents/GitHub/VR/Degree-Project/ObstaclePath
C:/Users/xelez/Documents/GitHub/VR/Degree-Project/ObstaclePath
Using Asset Import Pipeline V2.
