Using pre-set license
Built from '2020.2/staging' branch; Version is '2020.2.7f1 (c53830e277f1) revision 12924976'; Using compiler version '192528614'; Build Type 'Release'
OS: 'Windows 10 Home; OS build 19041.804; Version 2004; 64bit' Language: 'sv' Physical Memory: 8145 MB
BatchMode: 1, IsHumanControllingUs: 0, StartBugReporterOnCrash: 0, Is64bit: 1, IsPro: 0

 COMMAND LINE ARGUMENTS:
C:\Program Files\Unity\Hub\Editor\2020.2.7f1\Editor\Unity.exe
-adb2
-batchMode
-noUpm
-name
AssetImportWorker0
-projectPath
C:/Users/xelez/Documents/GitHub/VR/Degree-Project/ObstaclePath
-logFile
Logs/AssetImportWorker0.log
-srvPort
51106
Successfully changed project path to: C:/Users/xelez/Documents/GitHub/VR/Degree-Project/ObstaclePath
C:/Users/xelez/Documents/GitHub/VR/Degree-Project/ObstaclePath
Using Asset Import Pipeline V2.
Refreshing native plugins compatible for Editor in 65.91 ms, found 9 plugins.
Preloading 2 native plugins for Editor in 5.19 ms.
Initialize engine version: 2020.2.7f1 (c53830e277f1)
[Subsystems] Discovering subsystems at path C:/Program Files/Unity/Hub/Editor/2020.2.7f1/Editor/Data/Resources/UnitySubsystems
[Subsystems] Discovering subsystems at path C:/Users/xelez/Documents/GitHub/VR/Degree-Project/ObstaclePath/Assets
GfxDevice: creating device client; threaded=0
Direct3D:
    Version:  Direct3D 11.0 [level 11.1]
    Renderer: NVIDIA GeForce GTX 1070 (ID=0x1b81)
    Vendor:   
    VRAM:     8088 MB
    Driver:   26.21.14.4141
Initialize mono
Mono path[0] = 'C:/Program Files/Unity/Hub/Editor/2020.2.7f1/Editor/Data/Managed'
Mono path[1] = 'C:/Program Files/Unity/Hub/Editor/2020.2.7f1/Editor/Data/MonoBleedingEdge/lib/mono/unityjit'
Mono config path = 'C:/Program Files/Unity/Hub/Editor/2020.2.7f1/Editor/Data/MonoBleedingEdge/etc'
Using monoOptions --debugger-agent=transport=dt_socket,embedding=1,server=y,suspend=n,address=127.0.0.1:56200
Begin MonoManager ReloadAssembly
Registering precompiled unity dll's ...
Registered in 0.002103 seconds.
Refreshing native plugins compatible for Editor in 45.98 ms, found 9 plugins.
Preloading 2 native plugins for Editor in 0.30 ms.
Invoked RoslynAnalysisRunner static constructor.
RoslynAnalysisRunner will not be running.
RoslynAnalysisRunner has terminated.
Mono: successfully reloaded assembly
- Completed reload, in  1.299 seconds
Platform modules already initialized, skipping
Registering precompiled user dll's ...
Registered in 0.006915 seconds.
Begin MonoManager ReloadAssembly
Refreshing native plugins compatible for Editor in 56.22 ms, found 9 plugins.
Preloading 2 native plugins for Editor in 0.27 ms.
Invoked RoslynAnalysisRunner static constructor.
RoslynAnalysisRunner will not be running.
RoslynAnalysisRunner has terminated.
[XR] OculusXRPlugin: registering subsystems
[XR] Unable to register display lifecyle provider: [1]
[XR] Oculus Input lifecycle provider registered.
[XR] Unable to register input lifecyle provider: [1]
NullReferenceException: Object reference not set to an instance of an object
  at Unity.XR.Oculus.OculusLoader.AssetPathToAbsolutePath (System.String assetPath) [0x00048] in C:\Users\xelez\Documents\GitHub\VR\Degree-Project\ObstaclePath\Library\PackageCache\com.unity.xr.oculus@1.8.1\Runtime\OculusLoader.cs:243 
  at Unity.XR.Oculus.OculusLoader.EditorLoadOVRPlugin () [0x0007b] in C:\Users\xelez\Documents\GitHub\VR\Degree-Project\ObstaclePath\Library\PackageCache\com.unity.xr.oculus@1.8.1\Runtime\OculusLoader.cs:228 

(Filename: Library/PackageCache/com.unity.xr.oculus@1.8.1/Runtime/OculusLoader.cs Line: 243)

Mono: successfully reloaded assembly
- Completed reload, in  1.320 seconds
Platform modules already initialized, skipping
========================================================================
Worker process is ready to serve import requests
Launched and connected shader compiler UnityShaderCompiler.exe after 0.07 seconds
Refreshing native plugins compatible for Editor in 0.60 ms, found 9 plugins.
Preloading 2 native plugins for Editor in 0.20 ms.
Unloading 1825 Unused Serialized files (Serialized files now loaded: 0)
System memory in use before: 81.0 MB.
System memory in use after: 81.0 MB.

Unloading 14 unused Assets to reduce memory usage. Loaded Objects now: 2270.
Total: 2.658200 ms (FindLiveObjects: 0.211200 ms CreateObjectMapping: 0.094200 ms MarkObjects: 2.247800 ms  DeleteObjects: 0.103400 ms)

========================================================================
Received Import Request.
  path: Assets/XR
  artifactKey: Guid(810c0502f4cb36b4e83c73007bd0c355) Importer(815301076,1909f56bfc062723c751e8b465ee728b)
Start importing Assets/XR using Guid(810c0502f4cb36b4e83c73007bd0c355) Importer(815301076,1909f56bfc062723c751e8b465ee728b)  -> (artifact id: '48321c361bea75f81779cd2d73ebd5fe') in 0.012132 seconds
  Import took 0.016666 seconds .

========================================================================
Received Import Request.
  Time since last request: 27.344846 seconds.
  path: Assets/XR/XRGeneralSettings.asset
  artifactKey: Guid(e624a99d80b61864799494ed8f3acd59) Importer(815301076,1909f56bfc062723c751e8b465ee728b)
Start importing Assets/XR/XRGeneralSettings.asset using Guid(e624a99d80b61864799494ed8f3acd59) Importer(815301076,1909f56bfc062723c751e8b465ee728b)  -> (artifact id: 'cb6608349560a3a82c7bf271cba782bb') in 0.050420 seconds
  Import took 0.055113 seconds .

========================================================================
Received Import Request.
  Time since last request: 0.007417 seconds.
  path: Assets/XR/XRGeneralSettings.asset
  artifactKey: Guid(e624a99d80b61864799494ed8f3acd59) Importer(815301076,1909f56bfc062723c751e8b465ee728b)
Start importing Assets/XR/XRGeneralSettings.asset using Guid(e624a99d80b61864799494ed8f3acd59) Importer(815301076,1909f56bfc062723c751e8b465ee728b)  -> (artifact id: 'cb6608349560a3a82c7bf271cba782bb') in 0.005742 seconds
  Import took 0.010901 seconds .

========================================================================
Received Prepare
Registering precompiled user dll's ...
Registered in 0.174946 seconds.
Begin MonoManager ReloadAssembly
Refreshing native plugins compatible for Editor in 0.68 ms, found 9 plugins.
Preloading 2 native plugins for Editor in 0.34 ms.
Invoked RoslynAnalysisRunner static constructor.
RoslynAnalysisRunner will not be running.
RoslynAnalysisRunner has terminated.
NullReferenceException: Object reference not set to an instance of an object
  at Unity.XR.Oculus.OculusLoader.AssetPathToAbsolutePath (System.String assetPath) [0x00048] in C:\Users\xelez\Documents\GitHub\VR\Degree-Project\ObstaclePath\Library\PackageCache\com.unity.xr.oculus@1.8.1\Runtime\OculusLoader.cs:243 
  at Unity.XR.Oculus.OculusLoader.EditorLoadOVRPlugin () [0x0007b] in C:\Users\xelez\Documents\GitHub\VR\Degree-Project\ObstaclePath\Library\PackageCache\com.unity.xr.oculus@1.8.1\Runtime\OculusLoader.cs:228 

(Filename: Library/PackageCache/com.unity.xr.oculus@1.8.1/Runtime/OculusLoader.cs Line: 243)

Mono: successfully reloaded assembly
- Completed reload, in  1.733 seconds
Platform modules already initialized, skipping
Refreshing native plugins compatible for Editor in 1.01 ms, found 9 plugins.
Preloading 2 native plugins for Editor in 0.30 ms.
Unloading 1790 Unused Serialized files (Serialized files now loaded: 0)
System memory in use before: 80.3 MB.
System memory in use after: 80.4 MB.

Unloading 7 unused Assets to reduce memory usage. Loaded Objects now: 2274.
Total: 2.532800 ms (FindLiveObjects: 0.219800 ms CreateObjectMapping: 0.062400 ms MarkObjects: 2.098600 ms  DeleteObjects: 0.150800 ms)

========================================================================
Received Import Request.
  Time since last request: 88.924736 seconds.
  path: Assets
  artifactKey: Guid(00000000000000001000000000000000) Importer(815301076,1909f56bfc062723c751e8b465ee728b)
Start importing Assets using Guid(00000000000000001000000000000000) Importer(815301076,1909f56bfc062723c751e8b465ee728b)  -> (artifact id: 'f89434ac489deb914593f829e0a47671') in 0.032106 seconds
  Import took 0.035974 seconds .

========================================================================
Received Import Request.
  Time since last request: 0.000314 seconds.
  path: Assets/Scenes
  artifactKey: Guid(8869b79c93734e345904a93364abb2ad) Importer(815301076,1909f56bfc062723c751e8b465ee728b)
Start importing Assets/Scenes using Guid(8869b79c93734e345904a93364abb2ad) Importer(815301076,1909f56bfc062723c751e8b465ee728b)  -> (artifact id: '6b79247aaee8ff030704191204639307') in 0.014642 seconds
  Import took 0.018089 seconds .

========================================================================
Received Import Request.
  Time since last request: 6.777753 seconds.
  path: Assets/Scripts
  artifactKey: Guid(796701555a3467043b8b50516296cd7e) Importer(815301076,1909f56bfc062723c751e8b465ee728b)
Start importing Assets/Scripts using Guid(796701555a3467043b8b50516296cd7e) Importer(815301076,1909f56bfc062723c751e8b465ee728b)  -> (artifact id: 'e0bac34d4f26fa8ff28ef68e5278c61d') in 0.021980 seconds
  Import took 0.026058 seconds .

========================================================================
Received Import Request.
  Time since last request: 6.740615 seconds.
  path: Assets/NewBehaviourScript.cs
  artifactKey: Guid(3b266633b33099c41a98ce25cba5ad87) Importer(815301076,1909f56bfc062723c751e8b465ee728b)
Start importing Assets/NewBehaviourScript.cs using Guid(3b266633b33099c41a98ce25cba5ad87) Importer(815301076,1909f56bfc062723c751e8b465ee728b)  -> (artifact id: '15ddae7e7b1d6346cf38b57ff2a0a936') in 0.134267 seconds
  Import took 0.143650 seconds .

========================================================================
Received Prepare
Registering precompiled user dll's ...
Registered in 0.031685 seconds.
Begin MonoManager ReloadAssembly
Refreshing native plugins compatible for Editor in 0.64 ms, found 9 plugins.
Preloading 2 native plugins for Editor in 0.23 ms.
Invoked RoslynAnalysisRunner static constructor.
RoslynAnalysisRunner will not be running.
RoslynAnalysisRunner has terminated.
NullReferenceException: Object reference not set to an instance of an object
  at Unity.XR.Oculus.OculusLoader.AssetPathToAbsolutePath (System.String assetPath) [0x00048] in C:\Users\xelez\Documents\GitHub\VR\Degree-Project\ObstaclePath\Library\PackageCache\com.unity.xr.oculus@1.8.1\Runtime\OculusLoader.cs:243 
  at Unity.XR.Oculus.OculusLoader.EditorLoadOVRPlugin () [0x0007b] in C:\Users\xelez\Documents\GitHub\VR\Degree-Project\ObstaclePath\Library\PackageCache\com.unity.xr.oculus@1.8.1\Runtime\OculusLoader.cs:228 

(Filename: Library/PackageCache/com.unity.xr.oculus@1.8.1/Runtime/OculusLoader.cs Line: 243)

Mono: successfully reloaded assembly
- Completed reload, in  1.878 seconds
Platform modules already initialized, skipping
Refreshing native plugins compatible for Editor in 0.81 ms, found 9 plugins.
Preloading 2 native plugins for Editor in 0.21 ms.
Unloading 1790 Unused Serialized files (Serialized files now loaded: 0)
System memory in use before: 80.3 MB.
System memory in use after: 80.4 MB.

Unloading 7 unused Assets to reduce memory usage. Loaded Objects now: 2278.
Total: 8.868100 ms (FindLiveObjects: 5.671000 ms CreateObjectMapping: 0.275900 ms MarkObjects: 2.865700 ms  DeleteObjects: 0.054600 ms)

========================================================================
Received Import Request.
  Time since last request: 13.092157 seconds.
  path: Assets/Materials
  artifactKey: Guid(8a64d3f476811fc49a2b5fc5427c87f2) Importer(815301076,1909f56bfc062723c751e8b465ee728b)
Start importing Assets/Materials using Guid(8a64d3f476811fc49a2b5fc5427c87f2) Importer(815301076,1909f56bfc062723c751e8b465ee728b)  -> (artifact id: '9ec198ea110ad5b9db3ede218c802a39') in 0.041927 seconds
  Import took 0.046025 seconds .

========================================================================
Received Import Request.
  Time since last request: 33.920527 seconds.
  path: Assets/Materials/PlaneM.mat
  artifactKey: Guid(f7beeb3dfbacec84b8163dd0b2a6af60) Importer(815301076,1909f56bfc062723c751e8b465ee728b)
Start importing Assets/Materials/PlaneM.mat using Guid(f7beeb3dfbacec84b8163dd0b2a6af60) Importer(815301076,1909f56bfc062723c751e8b465ee728b)  -> (artifact id: 'cf6e53769797ce571cd4ec3a1fd09115') in 0.374305 seconds
  Import took 0.383693 seconds .

========================================================================
Received Import Request.
  Time since last request: 2.600083 seconds.
  path: Assets/Materials/PlaneM 1.mat
  artifactKey: Guid(e93ceee5f9cab39469a737c18295bc77) Importer(815301076,1909f56bfc062723c751e8b465ee728b)
Start importing Assets/Materials/PlaneM 1.mat using Guid(e93ceee5f9cab39469a737c18295bc77) Importer(815301076,1909f56bfc062723c751e8b465ee728b)  -> (artifact id: '7987c9a473fec1f3f418cd973bd23a1c') in 0.075822 seconds
  Import took 0.081017 seconds .

========================================================================
Received Import Request.
  Time since last request: 0.470145 seconds.
  path: Assets/Materials/PlaneM 2.mat
  artifactKey: Guid(9bb1572e8186d68438f51467e9697957) Importer(815301076,1909f56bfc062723c751e8b465ee728b)
Start importing Assets/Materials/PlaneM 2.mat using Guid(9bb1572e8186d68438f51467e9697957) Importer(815301076,1909f56bfc062723c751e8b465ee728b)  -> (artifact id: 'e09050ce4ec3b97c9d5c37d7210c10ae') in 0.029439 seconds
  Import took 0.052830 seconds .

========================================================================
Received Prepare
Registering precompiled user dll's ...
Registered in 0.019621 seconds.
Begin MonoManager ReloadAssembly
Refreshing native plugins compatible for Editor in 1.48 ms, found 9 plugins.
Preloading 2 native plugins for Editor in 0.90 ms.
Invoked RoslynAnalysisRunner static constructor.
RoslynAnalysisRunner will not be running.
RoslynAnalysisRunner has terminated.
NullReferenceException: Object reference not set to an instance of an object
  at Unity.XR.Oculus.OculusLoader.AssetPathToAbsolutePath (System.String assetPath) [0x00048] in C:\Users\xelez\Documents\GitHub\VR\Degree-Project\ObstaclePath\Library\PackageCache\com.unity.xr.oculus@1.8.1\Runtime\OculusLoader.cs:243 
  at Unity.XR.Oculus.OculusLoader.EditorLoadOVRPlugin () [0x0007b] in C:\Users\xelez\Documents\GitHub\VR\Degree-Project\ObstaclePath\Library\PackageCache\com.unity.xr.oculus@1.8.1\Runtime\OculusLoader.cs:228 

(Filename: Library/PackageCache/com.unity.xr.oculus@1.8.1/Runtime/OculusLoader.cs Line: 243)

Mono: successfully reloaded assembly
- Completed reload, in  2.353 seconds
Platform modules already initialized, skipping
Script is not up to date after domain reload: guid(d1069f8668510e944b12626029524c84) path("Assets/Materials/HandPreference.cs") state(2)
Refreshing native plugins compatible for Editor in 0.86 ms, found 9 plugins.
Preloading 2 native plugins for Editor in 0.25 ms.
Unloading 1790 Unused Serialized files (Serialized files now loaded: 0)
System memory in use before: 83.7 MB.
System memory in use after: 83.8 MB.

Unloading 7 unused Assets to reduce memory usage. Loaded Objects now: 2322.
Total: 2.690500 ms (FindLiveObjects: 0.327100 ms CreateObjectMapping: 0.140800 ms MarkObjects: 2.064200 ms  DeleteObjects: 0.157100 ms)

========================================================================
Received Prepare
Registering precompiled user dll's ...
Registered in 0.039043 seconds.
Begin MonoManager ReloadAssembly
Refreshing native plugins compatible for Editor in 1.05 ms, found 9 plugins.
Preloading 2 native plugins for Editor in 0.25 ms.
Invoked RoslynAnalysisRunner static constructor.
RoslynAnalysisRunner will not be running.
RoslynAnalysisRunner has terminated.
NullReferenceException: Object reference not set to an instance of an object
  at Unity.XR.Oculus.OculusLoader.AssetPathToAbsolutePath (System.String assetPath) [0x00048] in C:\Users\xelez\Documents\GitHub\VR\Degree-Project\ObstaclePath\Library\PackageCache\com.unity.xr.oculus@1.8.1\Runtime\OculusLoader.cs:243 
  at Unity.XR.Oculus.OculusLoader.EditorLoadOVRPlugin () [0x0007b] in C:\Users\xelez\Documents\GitHub\VR\Degree-Project\ObstaclePath\Library\PackageCache\com.unity.xr.oculus@1.8.1\Runtime\OculusLoader.cs:228 

(Filename: Library/PackageCache/com.unity.xr.oculus@1.8.1/Runtime/OculusLoader.cs Line: 243)

Mono: successfully reloaded assembly
- Completed reload, in  1.527 seconds
Platform modules already initialized, skipping
Refreshing native plugins compatible for Editor in 0.92 ms, found 9 plugins.
Preloading 2 native plugins for Editor in 1.18 ms.
Unloading 1791 Unused Serialized files (Serialized files now loaded: 0)
System memory in use before: 83.7 MB.
System memory in use after: 83.8 MB.

Unloading 7 unused Assets to reduce memory usage. Loaded Objects now: 2327.
Total: 3.001400 ms (FindLiveObjects: 0.554900 ms CreateObjectMapping: 0.096300 ms MarkObjects: 2.150900 ms  DeleteObjects: 0.197800 ms)

========================================================================
Received Prepare
Registering precompiled user dll's ...
Registered in 0.012625 seconds.
Begin MonoManager ReloadAssembly
Refreshing native plugins compatible for Editor in 0.80 ms, found 9 plugins.
Preloading 2 native plugins for Editor in 0.24 ms.
Invoked RoslynAnalysisRunner static constructor.
RoslynAnalysisRunner will not be running.
RoslynAnalysisRunner has terminated.
NullReferenceException: Object reference not set to an instance of an object
  at Unity.XR.Oculus.OculusLoader.AssetPathToAbsolutePath (System.String assetPath) [0x00048] in C:\Users\xelez\Documents\GitHub\VR\Degree-Project\ObstaclePath\Library\PackageCache\com.unity.xr.oculus@1.8.1\Runtime\OculusLoader.cs:243 
  at Unity.XR.Oculus.OculusLoader.EditorLoadOVRPlugin () [0x0007b] in C:\Users\xelez\Documents\GitHub\VR\Degree-Project\ObstaclePath\Library\PackageCache\com.unity.xr.oculus@1.8.1\Runtime\OculusLoader.cs:228 

(Filename: Library/PackageCache/com.unity.xr.oculus@1.8.1/Runtime/OculusLoader.cs Line: 243)

Mono: successfully reloaded assembly
- Completed reload, in  1.802 seconds
Platform modules already initialized, skipping
Refreshing native plugins compatible for Editor in 0.90 ms, found 9 plugins.
Preloading 2 native plugins for Editor in 0.24 ms.
Unloading 1791 Unused Serialized files (Serialized files now loaded: 0)
System memory in use before: 83.7 MB.
System memory in use after: 83.8 MB.

Unloading 7 unused Assets to reduce memory usage. Loaded Objects now: 2331.
Total: 4.631100 ms (FindLiveObjects: 0.426400 ms CreateObjectMapping: 0.462700 ms MarkObjects: 3.670400 ms  DeleteObjects: 0.069900 ms)

========================================================================
Received Import Request.
  Time since last request: 189.471230 seconds.
  path: Assets/Materials/CubeM.mat
  artifactKey: Guid(9bb1572e8186d68438f51467e9697957) Importer(815301076,1909f56bfc062723c751e8b465ee728b)
Start importing Assets/Materials/CubeM.mat using Guid(9bb1572e8186d68438f51467e9697957) Importer(815301076,1909f56bfc062723c751e8b465ee728b)  -> (artifact id: 'd859ef1a6416367b8088a5ab5db2d1a7') in 0.223375 seconds
  Import took 0.232950 seconds .

========================================================================
Received Import Request.
  Time since last request: 0.000374 seconds.
  path: Assets/Materials/HandM.mat
  artifactKey: Guid(e93ceee5f9cab39469a737c18295bc77) Importer(815301076,1909f56bfc062723c751e8b465ee728b)
Start importing Assets/Materials/HandM.mat using Guid(e93ceee5f9cab39469a737c18295bc77) Importer(815301076,1909f56bfc062723c751e8b465ee728b)  -> (artifact id: '307b1f982850d4384111cc408c3f25df') in 0.064765 seconds
  Import took 0.085080 seconds .

========================================================================
Received Import Request.
  Time since last request: 0.000395 seconds.
  path: Assets/Materials/ObstacleM.mat
  artifactKey: Guid(95779c2e39938e84e9fe8b666af6b116) Importer(815301076,1909f56bfc062723c751e8b465ee728b)
Start importing Assets/Materials/ObstacleM.mat using Guid(95779c2e39938e84e9fe8b666af6b116) Importer(815301076,1909f56bfc062723c751e8b465ee728b)  -> (artifact id: '430b31d121e902a65a7b773fe4575a1e') in 0.061423 seconds
  Import took 0.066332 seconds .

========================================================================
Received Import Request.
  Time since last request: 0.000239 seconds.
  path: Assets/Materials/PlaneM.mat
  artifactKey: Guid(f7beeb3dfbacec84b8163dd0b2a6af60) Importer(815301076,1909f56bfc062723c751e8b465ee728b)
Start importing Assets/Materials/PlaneM.mat using Guid(f7beeb3dfbacec84b8163dd0b2a6af60) Importer(815301076,1909f56bfc062723c751e8b465ee728b)  -> (artifact id: 'a6f20831fb65c98d3a2f9b40b514d436') in 0.038900 seconds
  Import took 0.044785 seconds .

========================================================================
Received Prepare
Registering precompiled user dll's ...
Registered in 0.008141 seconds.
Begin MonoManager ReloadAssembly
Refreshing native plugins compatible for Editor in 0.84 ms, found 9 plugins.
Preloading 2 native plugins for Editor in 0.24 ms.
Invoked RoslynAnalysisRunner static constructor.
RoslynAnalysisRunner will not be running.
RoslynAnalysisRunner has terminated.
NullReferenceException: Object reference not set to an instance of an object
  at Unity.XR.Oculus.OculusLoader.AssetPathToAbsolutePath (System.String assetPath) [0x00048] in C:\Users\xelez\Documents\GitHub\VR\Degree-Project\ObstaclePath\Library\PackageCache\com.unity.xr.oculus@1.8.1\Runtime\OculusLoader.cs:243 
  at Unity.XR.Oculus.OculusLoader.EditorLoadOVRPlugin () [0x0007b] in C:\Users\xelez\Documents\GitHub\VR\Degree-Project\ObstaclePath\Library\PackageCache\com.unity.xr.oculus@1.8.1\Runtime\OculusLoader.cs:228 

(Filename: Library/PackageCache/com.unity.xr.oculus@1.8.1/Runtime/OculusLoader.cs Line: 243)

Mono: successfully reloaded assembly
- Completed reload, in  2.339 seconds
Platform modules already initialized, skipping
Refreshing native plugins compatible for Editor in 2.02 ms, found 9 plugins.
Preloading 2 native plugins for Editor in 0.36 ms.
Unloading 1791 Unused Serialized files (Serialized files now loaded: 0)
System memory in use before: 83.7 MB.
System memory in use after: 83.8 MB.

Unloading 7 unused Assets to reduce memory usage. Loaded Objects now: 2336.
Total: 2.374000 ms (FindLiveObjects: 0.245000 ms CreateObjectMapping: 0.104100 ms MarkObjects: 1.957800 ms  DeleteObjects: 0.066000 ms)

========================================================================
Received Prepare
Registering precompiled user dll's ...
Registered in 0.009703 seconds.
Begin MonoManager ReloadAssembly
Refreshing native plugins compatible for Editor in 1.02 ms, found 9 plugins.
Preloading 2 native plugins for Editor in 0.29 ms.
Invoked RoslynAnalysisRunner static constructor.
RoslynAnalysisRunner will not be running.
RoslynAnalysisRunner has terminated.
NullReferenceException: Object reference not set to an instance of an object
  at Unity.XR.Oculus.OculusLoader.AssetPathToAbsolutePath (System.String assetPath) [0x00048] in C:\Users\xelez\Documents\GitHub\VR\Degree-Project\ObstaclePath\Library\PackageCache\com.unity.xr.oculus@1.8.1\Runtime\OculusLoader.cs:243 
  at Unity.XR.Oculus.OculusLoader.EditorLoadOVRPlugin () [0x0007b] in C:\Users\xelez\Documents\GitHub\VR\Degree-Project\ObstaclePath\Library\PackageCache\com.unity.xr.oculus@1.8.1\Runtime\OculusLoader.cs:228 

(Filename: Library/PackageCache/com.unity.xr.oculus@1.8.1/Runtime/OculusLoader.cs Line: 243)

Mono: successfully reloaded assembly
- Completed reload, in  1.893 seconds
Platform modules already initialized, skipping
Refreshing native plugins compatible for Editor in 0.63 ms, found 9 plugins.
Preloading 2 native plugins for Editor in 0.25 ms.
Unloading 1791 Unused Serialized files (Serialized files now loaded: 0)
System memory in use before: 83.8 MB.
System memory in use after: 83.8 MB.

Unloading 7 unused Assets to reduce memory usage. Loaded Objects now: 2340.
Total: 2.911700 ms (FindLiveObjects: 0.241300 ms CreateObjectMapping: 0.098200 ms MarkObjects: 2.493000 ms  DeleteObjects: 0.077400 ms)

========================================================================
Received Prepare
Registering precompiled user dll's ...
Registered in 0.016853 seconds.
Begin MonoManager ReloadAssembly
Refreshing native plugins compatible for Editor in 0.66 ms, found 9 plugins.
Preloading 2 native plugins for Editor in 0.30 ms.
Invoked RoslynAnalysisRunner static constructor.
RoslynAnalysisRunner will not be running.
RoslynAnalysisRunner has terminated.
NullReferenceException: Object reference not set to an instance of an object
  at Unity.XR.Oculus.OculusLoader.AssetPathToAbsolutePath (System.String assetPath) [0x00048] in C:\Users\xelez\Documents\GitHub\VR\Degree-Project\ObstaclePath\Library\PackageCache\com.unity.xr.oculus@1.8.1\Runtime\OculusLoader.cs:243 
  at Unity.XR.Oculus.OculusLoader.EditorLoadOVRPlugin () [0x0007b] in C:\Users\xelez\Documents\GitHub\VR\Degree-Project\ObstaclePath\Library\PackageCache\com.unity.xr.oculus@1.8.1\Runtime\OculusLoader.cs:228 

(Filename: Library/PackageCache/com.unity.xr.oculus@1.8.1/Runtime/OculusLoader.cs Line: 243)

Mono: successfully reloaded assembly
- Completed reload, in  1.503 seconds
Platform modules already initialized, skipping
Refreshing native plugins compatible for Editor in 8.08 ms, found 9 plugins.
Preloading 2 native plugins for Editor in 0.44 ms.
Unloading 1791 Unused Serialized files (Serialized files now loaded: 0)
System memory in use before: 83.8 MB.
System memory in use after: 83.9 MB.

Unloading 7 unused Assets to reduce memory usage. Loaded Objects now: 2344.
Total: 2.180700 ms (FindLiveObjects: 0.291500 ms CreateObjectMapping: 0.082800 ms MarkObjects: 1.734700 ms  DeleteObjects: 0.070700 ms)

AssetImportWorkerClient::OnTransportError - code=2 error=End of file
