Using pre-set license
Built from '2020.2/staging' branch; Version is '2020.2.7f1 (c53830e277f1) revision 12924976'; Using compiler version '192528614'; Build Type 'Release'
OS: 'Windows 10 Home; OS build 19042.928; Version 2009; 64bit' Language: 'sv' Physical Memory: 8145 MB
BatchMode: 1, IsHumanControllingUs: 0, StartBugReporterOnCrash: 0, Is64bit: 1, IsPro: 0

 COMMAND LINE ARGUMENTS:
C:\Program Files\Unity\Hub\Editor\2020.2.7f1\Editor\Unity.exe
-adb2
-batchMode
-noUpm
-name
AssetImportWorker1
-projectPath
C:/Users/xelez/Documents/GitHub/VR/Degree-Project/ObstaclePath
-logFile
Logs/AssetImportWorker1.log
-srvPort
64918
Successfully changed project path to: C:/Users/xelez/Documents/GitHub/VR/Degree-Project/ObstaclePath
C:/Users/xelez/Documents/GitHub/VR/Degree-Project/ObstaclePath
Using Asset Import Pipeline V2.
Refreshing native plugins compatible for Editor in 272.73 ms, found 10 plugins.
Preloading 2 native plugins for Editor in 16.13 ms.
Initialize engine version: 2020.2.7f1 (c53830e277f1)
[Subsystems] Discovering subsystems at path C:/Program Files/Unity/Hub/Editor/2020.2.7f1/Editor/Data/Resources/UnitySubsystems
[Subsystems] Discovering subsystems at path C:/Users/xelez/Documents/GitHub/VR/Degree-Project/ObstaclePath/Assets
GfxDevice: creating device client; threaded=0
Direct3D:
    Version:  Direct3D 11.0 [level 11.1]
    Renderer: NVIDIA GeForce GTX 1070 (ID=0x1b81)
    Vendor:   
    VRAM:     8088 MB
    Driver:   27.21.14.5765
Shader 'Oculus/OVRMRCameraFrameLit': fallback shader 'Alpha-Diffuse' not found
Initialize mono
Mono path[0] = 'C:/Program Files/Unity/Hub/Editor/2020.2.7f1/Editor/Data/Managed'
Mono path[1] = 'C:/Program Files/Unity/Hub/Editor/2020.2.7f1/Editor/Data/MonoBleedingEdge/lib/mono/unityjit'
Mono config path = 'C:/Program Files/Unity/Hub/Editor/2020.2.7f1/Editor/Data/MonoBleedingEdge/etc'
Using monoOptions --debugger-agent=transport=dt_socket,embedding=1,server=y,suspend=n,address=127.0.0.1:56468
Begin MonoManager ReloadAssembly
Registering precompiled unity dll's ...
Registered in 0.002593 seconds.
Refreshing native plugins compatible for Editor in 149.73 ms, found 10 plugins.
Preloading 2 native plugins for Editor in 0.19 ms.
Invoked RoslynAnalysisRunner static constructor.
RoslynAnalysisRunner will not be running.
RoslynAnalysisRunner has terminated.
Mono: successfully reloaded assembly
- Completed reload, in  2.998 seconds
Platform modules already initialized, skipping
Registering precompiled user dll's ...
Registered in 0.016647 seconds.
Begin MonoManager ReloadAssembly
Refreshing native plugins compatible for Editor in 101.39 ms, found 10 plugins.
Preloading 2 native plugins for Editor in 0.20 ms.
Invoked RoslynAnalysisRunner static constructor.
RoslynAnalysisRunner will not be running.
RoslynAnalysisRunner has terminated.
[XR] OculusXRPlugin: registering subsystems
[XR] Unable to register display lifecyle provider: [1]
[XR] Oculus Input lifecycle provider registered.
[XR] Unable to register input lifecyle provider: [1]
[XR] OVRP version 1.57.0
Mono: successfully reloaded assembly
- Completed reload, in  1.733 seconds
Platform modules already initialized, skipping
========================================================================
Worker process is ready to serve import requests
Shader 'Oculus/OVRMRCameraFrameLit': fallback shader 'Alpha-Diffuse' not found
Launched and connected shader compiler UnityShaderCompiler.exe after 0.12 seconds
Refreshing native plugins compatible for Editor in 1.45 ms, found 10 plugins.
Preloading 2 native plugins for Editor in 1.58 ms.
Unloading 2520 Unused Serialized files (Serialized files now loaded: 0)
System memory in use before: 190.9 MB.
System memory in use after: 190.6 MB.

Unloading 39 unused Assets to reduce memory usage. Loaded Objects now: 2953.
Total: 7.700400 ms (FindLiveObjects: 0.467700 ms CreateObjectMapping: 0.324200 ms MarkObjects: 3.841700 ms  DeleteObjects: 3.064500 ms)

========================================================================
Received Import Request.
  path: Assets/Prefabs/Obstacle1.prefab
  artifactKey: Guid(87c28ca4c7bfcdd4ca40406f3b33fce9) Importer(815301076,1909f56bfc062723c751e8b465ee728b)
Start importing Assets/Prefabs/Obstacle1.prefab using Guid(87c28ca4c7bfcdd4ca40406f3b33fce9) Importer(815301076,1909f56bfc062723c751e8b465ee728b)  -> (artifact id: '1543d9d3f33b0d52103f5e9e1fb166c2') in 1.969311 seconds
  Import took 1.994197 seconds .

========================================================================
Received Prepare
Shader 'Oculus/OVRMRCameraFrameLit': fallback shader 'Alpha-Diffuse' not found
Refreshing native plugins compatible for Editor in 13.43 ms, found 10 plugins.
Preloading 2 native plugins for Editor in 0.27 ms.
Unloading 29 Unused Serialized files (Serialized files now loaded: 0)
System memory in use before: 139.7 MB.
System memory in use after: 139.5 MB.

Unloading 29 unused Assets to reduce memory usage. Loaded Objects now: 2961.
Total: 4.784100 ms (FindLiveObjects: 0.331700 ms CreateObjectMapping: 0.146200 ms MarkObjects: 3.690300 ms  DeleteObjects: 0.614500 ms)

========================================================================
Received Prepare
Registering precompiled user dll's ...
Registered in 0.013288 seconds.
Begin MonoManager ReloadAssembly
Refreshing native plugins compatible for Editor in 1.67 ms, found 10 plugins.
Preloading 2 native plugins for Editor in 0.28 ms.
Invoked RoslynAnalysisRunner static constructor.
RoslynAnalysisRunner will not be running.
RoslynAnalysisRunner has terminated.
Mono: successfully reloaded assembly
- Completed reload, in  2.278 seconds
Platform modules already initialized, skipping
Shader 'Oculus/OVRMRCameraFrameLit': fallback shader 'Alpha-Diffuse' not found
Refreshing native plugins compatible for Editor in 1.42 ms, found 10 plugins.
Preloading 2 native plugins for Editor in 0.19 ms.
Unloading 2402 Unused Serialized files (Serialized files now loaded: 0)
System memory in use before: 186.8 MB.
System memory in use after: 186.5 MB.

Unloading 32 unused Assets to reduce memory usage. Loaded Objects now: 2965.
Total: 3.505700 ms (FindLiveObjects: 0.304000 ms CreateObjectMapping: 0.147900 ms MarkObjects: 2.489700 ms  DeleteObjects: 0.562400 ms)

========================================================================
Received Prepare
Registering precompiled user dll's ...
Registered in 0.018310 seconds.
Begin MonoManager ReloadAssembly
Refreshing native plugins compatible for Editor in 1.63 ms, found 10 plugins.
Preloading 2 native plugins for Editor in 0.18 ms.
Invoked RoslynAnalysisRunner static constructor.
RoslynAnalysisRunner will not be running.
RoslynAnalysisRunner has terminated.
Mono: successfully reloaded assembly
- Completed reload, in  2.658 seconds
Platform modules already initialized, skipping
Shader 'Oculus/OVRMRCameraFrameLit': fallback shader 'Alpha-Diffuse' not found
Refreshing native plugins compatible for Editor in 3.03 ms, found 10 plugins.
Preloading 2 native plugins for Editor in 0.22 ms.
Unloading 2402 Unused Serialized files (Serialized files now loaded: 0)
System memory in use before: 186.8 MB.
System memory in use after: 186.5 MB.

Unloading 32 unused Assets to reduce memory usage. Loaded Objects now: 2969.
Total: 33.505000 ms (FindLiveObjects: 0.484500 ms CreateObjectMapping: 0.372400 ms MarkObjects: 31.564500 ms  DeleteObjects: 1.081700 ms)

========================================================================
Received Prepare
Registering precompiled user dll's ...
Registered in 0.020866 seconds.
Begin MonoManager ReloadAssembly
Refreshing native plugins compatible for Editor in 1.04 ms, found 10 plugins.
Preloading 2 native plugins for Editor in 0.22 ms.
Invoked RoslynAnalysisRunner static constructor.
RoslynAnalysisRunner will not be running.
RoslynAnalysisRunner has terminated.
Mono: successfully reloaded assembly
- Completed reload, in  1.486 seconds
Platform modules already initialized, skipping
Shader 'Oculus/OVRMRCameraFrameLit': fallback shader 'Alpha-Diffuse' not found
Refreshing native plugins compatible for Editor in 1.43 ms, found 10 plugins.
Preloading 2 native plugins for Editor in 0.37 ms.
Unloading 2402 Unused Serialized files (Serialized files now loaded: 0)
System memory in use before: 186.8 MB.
System memory in use after: 186.6 MB.

Unloading 32 unused Assets to reduce memory usage. Loaded Objects now: 2973.
Total: 5.309600 ms (FindLiveObjects: 0.629600 ms CreateObjectMapping: 0.238200 ms MarkObjects: 3.777400 ms  DeleteObjects: 0.662900 ms)

========================================================================
Received Prepare
Registering precompiled user dll's ...
Registered in 0.014044 seconds.
Begin MonoManager ReloadAssembly
Refreshing native plugins compatible for Editor in 1.47 ms, found 10 plugins.
Preloading 2 native plugins for Editor in 0.21 ms.
Invoked RoslynAnalysisRunner static constructor.
RoslynAnalysisRunner will not be running.
RoslynAnalysisRunner has terminated.
Mono: successfully reloaded assembly
- Completed reload, in  1.521 seconds
Platform modules already initialized, skipping
Shader 'Oculus/OVRMRCameraFrameLit': fallback shader 'Alpha-Diffuse' not found
Refreshing native plugins compatible for Editor in 1.71 ms, found 10 plugins.
Preloading 2 native plugins for Editor in 0.19 ms.
Unloading 2402 Unused Serialized files (Serialized files now loaded: 0)
System memory in use before: 186.9 MB.
System memory in use after: 186.6 MB.

Unloading 32 unused Assets to reduce memory usage. Loaded Objects now: 2977.
Total: 4.225600 ms (FindLiveObjects: 0.370000 ms CreateObjectMapping: 0.248000 ms MarkObjects: 2.839900 ms  DeleteObjects: 0.766200 ms)

========================================================================
Received Import Request.
  Time since last request: 1628.788925 seconds.
  path: Assets/Prefabs/Obstacle1.prefab
  artifactKey: Guid(87c28ca4c7bfcdd4ca40406f3b33fce9) Importer(815301076,1909f56bfc062723c751e8b465ee728b)
Start importing Assets/Prefabs/Obstacle1.prefab using Guid(87c28ca4c7bfcdd4ca40406f3b33fce9) Importer(815301076,1909f56bfc062723c751e8b465ee728b)  -> (artifact id: '99eb6bfbe678c878f6dd28edc0887b2a') in 0.099150 seconds
  Import took 0.105510 seconds .

========================================================================
Received Prepare
Registering precompiled user dll's ...
Registered in 0.014191 seconds.
Begin MonoManager ReloadAssembly
Refreshing native plugins compatible for Editor in 1.10 ms, found 10 plugins.
Preloading 2 native plugins for Editor in 0.21 ms.
Invoked RoslynAnalysisRunner static constructor.
RoslynAnalysisRunner will not be running.
RoslynAnalysisRunner has terminated.
Mono: successfully reloaded assembly
- Completed reload, in  1.497 seconds
Platform modules already initialized, skipping
Shader 'Oculus/OVRMRCameraFrameLit': fallback shader 'Alpha-Diffuse' not found
Refreshing native plugins compatible for Editor in 1.28 ms, found 10 plugins.
Preloading 2 native plugins for Editor in 0.18 ms.
Unloading 2402 Unused Serialized files (Serialized files now loaded: 0)
System memory in use before: 186.8 MB.
System memory in use after: 186.5 MB.

Unloading 32 unused Assets to reduce memory usage. Loaded Objects now: 2982.
Total: 4.417400 ms (FindLiveObjects: 0.323800 ms CreateObjectMapping: 0.212000 ms MarkObjects: 2.804400 ms  DeleteObjects: 1.061700 ms)

========================================================================
Received Import Request.
  Time since last request: 95.207721 seconds.
  path: Assets/Prefabs/Obstacle1.prefab
  artifactKey: Guid(87c28ca4c7bfcdd4ca40406f3b33fce9) Importer(815301076,1909f56bfc062723c751e8b465ee728b)
Start importing Assets/Prefabs/Obstacle1.prefab using Guid(87c28ca4c7bfcdd4ca40406f3b33fce9) Importer(815301076,1909f56bfc062723c751e8b465ee728b)  -> (artifact id: '96014886fd025422be5e0ea2be2ea395') in 0.091796 seconds
  Import took 0.099522 seconds .

========================================================================
Received Import Request.
  Time since last request: 2.311539 seconds.
  path: Assets/Prefabs/Obstacle1.prefab
  artifactKey: Guid(87c28ca4c7bfcdd4ca40406f3b33fce9) Importer(815301076,1909f56bfc062723c751e8b465ee728b)
Start importing Assets/Prefabs/Obstacle1.prefab using Guid(87c28ca4c7bfcdd4ca40406f3b33fce9) Importer(815301076,1909f56bfc062723c751e8b465ee728b)  -> (artifact id: '364ed8e8aaef28f15de49a031c97d471') in 0.043937 seconds
  Import took 0.053436 seconds .

========================================================================
Received Import Request.
  Time since last request: 84.287373 seconds.
  path: Assets/TextMesh Pro/Fonts/LiberationSans.ttf
  artifactKey: Guid(e3265ab4bf004d28a9537516768c1c75) Importer(815301076,1909f56bfc062723c751e8b465ee728b)
Start importing Assets/TextMesh Pro/Fonts/LiberationSans.ttf using Guid(e3265ab4bf004d28a9537516768c1c75) Importer(815301076,1909f56bfc062723c751e8b465ee728b)  -> (artifact id: '85669b78e6845b7697fbd4a2efbe5a00') in 0.355600 seconds
  Import took 0.415411 seconds .

========================================================================
Received Import Request.
  Time since last request: 1.374269 seconds.
  path: Assets/PluginsPagages/Oculus/SampleFramework/Core/CustomHands/Materials/Hands_solid.mat
  artifactKey: Guid(3637b758ff163493f8bb8b6d7e96d7ae) Importer(815301076,1909f56bfc062723c751e8b465ee728b)
Start importing Assets/PluginsPagages/Oculus/SampleFramework/Core/CustomHands/Materials/Hands_solid.mat using Guid(3637b758ff163493f8bb8b6d7e96d7ae) Importer(815301076,1909f56bfc062723c751e8b465ee728b)  -> (artifact id: 'b7a2309eaf9bd2ec5df45f920477a3e7') in 0.074444 seconds
  Import took 0.090957 seconds .

========================================================================
Received Import Request.
  Time since last request: 0.480389 seconds.
  path: Assets/PluginsPagages/Oculus/SampleFramework/Usage/HandsTrainExample/Materials/HandsNotificationMaterial.mat
  artifactKey: Guid(497f7cc045d01f1479c242f0b883e8f2) Importer(815301076,1909f56bfc062723c751e8b465ee728b)
Start importing Assets/PluginsPagages/Oculus/SampleFramework/Usage/HandsTrainExample/Materials/HandsNotificationMaterial.mat using Guid(497f7cc045d01f1479c242f0b883e8f2) Importer(815301076,1909f56bfc062723c751e8b465ee728b)  -> (artifact id: '2f01d580956c5b1807d5966fbd788203') in 0.105112 seconds
  Import took 0.116565 seconds .

========================================================================
Received Import Request.
  Time since last request: 0.000297 seconds.
  path: Assets/Katana/Mesh/OBJ/Materials/Katana_LODAMat.mat
  artifactKey: Guid(b60c223205d84ea42bfa84e1d8b9ce39) Importer(815301076,1909f56bfc062723c751e8b465ee728b)
Start importing Assets/Katana/Mesh/OBJ/Materials/Katana_LODAMat.mat using Guid(b60c223205d84ea42bfa84e1d8b9ce39) Importer(815301076,1909f56bfc062723c751e8b465ee728b)  -> (artifact id: 'ee1ca77665b69cd8a18d9ce1387c1a33') in 0.121370 seconds
  Import took 0.133635 seconds .

========================================================================
Received Import Request.
  Time since last request: 0.000229 seconds.
  path: Assets/PluginsPagages/Oculus/LipSync/Models/RobotHead_TextureFlip/Materials/Head-2.mat
  artifactKey: Guid(b8f002f88e9d7e847b5306f3338f80db) Importer(815301076,1909f56bfc062723c751e8b465ee728b)
Start importing Assets/PluginsPagages/Oculus/LipSync/Models/RobotHead_TextureFlip/Materials/Head-2.mat using Guid(b8f002f88e9d7e847b5306f3338f80db) Importer(815301076,1909f56bfc062723c751e8b465ee728b)  -> (artifact id: 'feb113accd7372d2d00c100602148cb0') in 0.502955 seconds
  Import took 0.514989 seconds .

========================================================================
Received Import Request.
  Time since last request: 0.000279 seconds.
  path: Assets/Katana/Mesh/OBJ/Material/Katana_LODA.mat
  artifactKey: Guid(089a9963cd7df2640b92e0ffcb2071f0) Importer(815301076,1909f56bfc062723c751e8b465ee728b)
Start importing Assets/Katana/Mesh/OBJ/Material/Katana_LODA.mat using Guid(089a9963cd7df2640b92e0ffcb2071f0) Importer(815301076,1909f56bfc062723c751e8b465ee728b)  -> (artifact id: 'f3f4a4e389dc7a48f07cf51a0b915dd1') in 0.070382 seconds
  Import took 0.077576 seconds .

========================================================================
Received Import Request.
  Time since last request: 0.000381 seconds.
  path: Assets/Katana/Mesh/OBJ/Materials/Katana_LODCMat.mat
  artifactKey: Guid(2a06b4eda6c51a34584e0f4555151a79) Importer(815301076,1909f56bfc062723c751e8b465ee728b)
Start importing Assets/Katana/Mesh/OBJ/Materials/Katana_LODCMat.mat using Guid(2a06b4eda6c51a34584e0f4555151a79) Importer(815301076,1909f56bfc062723c751e8b465ee728b)  -> (artifact id: 'b47c9d71dac5356d8dcaecbe82b160a7') in 0.314539 seconds
  Import took 0.321061 seconds .

========================================================================
Received Import Request.
  Time since last request: 0.000325 seconds.
  path: Assets/TextMesh Pro/Resources/Fonts & Materials/LiberationSans SDF - Outline.mat
  artifactKey: Guid(79459efec17a4d00a321bdcc27bbc385) Importer(815301076,1909f56bfc062723c751e8b465ee728b)
Start importing Assets/TextMesh Pro/Resources/Fonts & Materials/LiberationSans SDF - Outline.mat using Guid(79459efec17a4d00a321bdcc27bbc385) Importer(815301076,1909f56bfc062723c751e8b465ee728b)  -> (artifact id: 'd3fab46590720cf0e01a1b092d534d42') in 0.230070 seconds
  Import took 0.237425 seconds .

========================================================================
Received Import Request.
  Time since last request: 0.000400 seconds.
  path: Assets/TextMesh Pro/Resources/Fonts & Materials/LiberationSans SDF - Fallback.asset
  artifactKey: Guid(2e498d1c8094910479dc3e1b768306a4) Importer(815301076,1909f56bfc062723c751e8b465ee728b)
Start importing Assets/TextMesh Pro/Resources/Fonts & Materials/LiberationSans SDF - Fallback.asset using Guid(2e498d1c8094910479dc3e1b768306a4) Importer(815301076,1909f56bfc062723c751e8b465ee728b)  -> (artifact id: '481e7ddd26f311ec069a031a890751a8') in 0.090150 seconds
  Import took 0.096021 seconds .

========================================================================
Received Import Request.
  Time since last request: 0.000255 seconds.
  path: Assets/TextMesh Pro/Resources/Fonts & Materials/LiberationSans SDF - Drop Shadow.mat
  artifactKey: Guid(e73a58f6e2794ae7b1b7e50b7fb811b0) Importer(815301076,1909f56bfc062723c751e8b465ee728b)
Start importing Assets/TextMesh Pro/Resources/Fonts & Materials/LiberationSans SDF - Drop Shadow.mat using Guid(e73a58f6e2794ae7b1b7e50b7fb811b0) Importer(815301076,1909f56bfc062723c751e8b465ee728b)  -> (artifact id: 'e54454451e57270fef382a2a9390f6f2') in 0.175786 seconds
  Import took 0.182672 seconds .

========================================================================
Received Import Request.
  Time since last request: 0.000260 seconds.
  path: Assets/PluginsPagages/Oculus/SampleFramework/Usage/Locomotion/Materials/MAT_cinderblock_01.mat
  artifactKey: Guid(02c684a5a201b40a4a0418558d9512d1) Importer(815301076,1909f56bfc062723c751e8b465ee728b)
Start importing Assets/PluginsPagages/Oculus/SampleFramework/Usage/Locomotion/Materials/MAT_cinderblock_01.mat using Guid(02c684a5a201b40a4a0418558d9512d1) Importer(815301076,1909f56bfc062723c751e8b465ee728b)  -> (artifact id: '85321a40399fca92a168d35caae2425b') in 0.462407 seconds
  Import took 0.467764 seconds .

========================================================================
Received Import Request.
  Time since last request: 0.000303 seconds.
  path: Assets/PluginsPagages/Oculus/SampleFramework/Usage/Locomotion/Materials/MAT_concrete_01.mat
  artifactKey: Guid(b825d518262c2453b9c06573f9b21658) Importer(815301076,1909f56bfc062723c751e8b465ee728b)
Start importing Assets/PluginsPagages/Oculus/SampleFramework/Usage/Locomotion/Materials/MAT_concrete_01.mat using Guid(b825d518262c2453b9c06573f9b21658) Importer(815301076,1909f56bfc062723c751e8b465ee728b)  -> (artifact id: '9c618f10148c3ac921253931e6dbc0d8') in 0.150450 seconds
  Import took 0.156041 seconds .

========================================================================
Received Import Request.
  Time since last request: 0.000156 seconds.
  path: Assets/TextMesh Pro/Resources/Fonts & Materials/LiberationSans SDF.asset
  artifactKey: Guid(8f586378b4e144a9851e7b34d9b748ee) Importer(815301076,1909f56bfc062723c751e8b465ee728b)
Start importing Assets/TextMesh Pro/Resources/Fonts & Materials/LiberationSans SDF.asset using Guid(8f586378b4e144a9851e7b34d9b748ee) Importer(815301076,1909f56bfc062723c751e8b465ee728b)  -> (artifact id: '62acc49c6fc62ff5ce2229f33e8a56de') in 0.158632 seconds
  Import took 0.166278 seconds .

========================================================================
Received Import Request.
  Time since last request: 0.000450 seconds.
  path: Assets/Katana/Mesh/OBJ/Material/Katana_LODC.mat
  artifactKey: Guid(957856c307da5974fb91adf88edc04d1) Importer(815301076,1909f56bfc062723c751e8b465ee728b)
Start importing Assets/Katana/Mesh/OBJ/Material/Katana_LODC.mat using Guid(957856c307da5974fb91adf88edc04d1) Importer(815301076,1909f56bfc062723c751e8b465ee728b)  -> (artifact id: 'f065b900cd41eb2ff3de879e910c6b5c') in 0.062054 seconds
  Import took 0.067790 seconds .

========================================================================
Received Import Request.
  Time since last request: 0.000271 seconds.
  path: Assets/Katana/Mesh/OBJ/Material/Katana_LODB.mat
  artifactKey: Guid(986da3b4e34919b469cd4baf6d532c49) Importer(815301076,1909f56bfc062723c751e8b465ee728b)
Start importing Assets/Katana/Mesh/OBJ/Material/Katana_LODB.mat using Guid(986da3b4e34919b469cd4baf6d532c49) Importer(815301076,1909f56bfc062723c751e8b465ee728b)  -> (artifact id: '9c123c3924ecdf57a3eefa5316fabd80') in 0.064819 seconds
  Import took 0.070376 seconds .

========================================================================
Received Import Request.
  Time since last request: 0.000236 seconds.
  path: Assets/Katana/Mesh/OBJ/Materials/Katana_LODBMat.mat
  artifactKey: Guid(d9ce5849e8aa9024691c8ffa8f64c623) Importer(815301076,1909f56bfc062723c751e8b465ee728b)
Start importing Assets/Katana/Mesh/OBJ/Materials/Katana_LODBMat.mat using Guid(d9ce5849e8aa9024691c8ffa8f64c623) Importer(815301076,1909f56bfc062723c751e8b465ee728b)  -> (artifact id: 'd802558836c79b26cb3f4d552f11c341') in 0.064208 seconds
  Import took 0.071879 seconds .

========================================================================
Received Import Request.
  Time since last request: 0.000064 seconds.
  path: Assets/PluginsPagages/Oculus/SampleFramework/Usage/Locomotion/Materials/MAT_brick_01.mat
  artifactKey: Guid(eded406ac811741c5a8a5142b2043467) Importer(815301076,1909f56bfc062723c751e8b465ee728b)
Start importing Assets/PluginsPagages/Oculus/SampleFramework/Usage/Locomotion/Materials/MAT_brick_01.mat using Guid(eded406ac811741c5a8a5142b2043467) Importer(815301076,1909f56bfc062723c751e8b465ee728b)  -> (artifact id: '91c5bf5100dbb7a6fc9b4aeae28800aa') in 0.132428 seconds
  Import took 0.139686 seconds .

========================================================================
Received Import Request.
  Time since last request: 0.000253 seconds.
  path: Assets/Katana/Material/Mobile_Katana.mat
  artifactKey: Guid(c0ce57c2008db524ca0cf73357bdc30d) Importer(815301076,1909f56bfc062723c751e8b465ee728b)
Start importing Assets/Katana/Material/Mobile_Katana.mat using Guid(c0ce57c2008db524ca0cf73357bdc30d) Importer(815301076,1909f56bfc062723c751e8b465ee728b)  -> (artifact id: '293bf066870e9cfb644ad229b2211395') in 0.102939 seconds
  Import took 0.109900 seconds .

========================================================================
Received Import Request.
  Time since last request: 0.000078 seconds.
  path: Assets/PluginsPagages/Controllers/vr_glove/vr_glove_left_model.fbx
  artifactKey: Guid(8fa9fa412b125c64d8f486c54620fd1f) Importer(815301076,1909f56bfc062723c751e8b465ee728b)
Start importing Assets/PluginsPagages/Controllers/vr_glove/vr_glove_left_model.fbx using Guid(8fa9fa412b125c64d8f486c54620fd1f) Importer(815301076,1909f56bfc062723c751e8b465ee728b)  -> (artifact id: '91223294b8ad94c941529b01db3a39bc') in 0.269824 seconds
  Import took 0.276135 seconds .

========================================================================
Received Import Request.
  Time since last request: 0.000357 seconds.
  path: Assets/PluginsPagages/Controllers/oculus_quest2_controller_left/oculus_quest2_controller_left_grip.obj
  artifactKey: Guid(0478f5ef89a5c194f9efa5b5e59a77e3) Importer(815301076,1909f56bfc062723c751e8b465ee728b)
Start importing Assets/PluginsPagages/Controllers/oculus_quest2_controller_left/oculus_quest2_controller_left_grip.obj using Guid(0478f5ef89a5c194f9efa5b5e59a77e3) Importer(815301076,1909f56bfc062723c751e8b465ee728b)  -> (artifact id: 'd7c6ad98ac9c0627819095761fcbad48') in 0.087411 seconds
  Import took 0.094954 seconds .

========================================================================
Received Import Request.
  Time since last request: 0.000237 seconds.
  path: Assets/PluginsPagages/Controllers/vr_glove/vr_glove_right_model.fbx
  artifactKey: Guid(f5d83aa9c59063348b61c7fac5f35a76) Importer(815301076,1909f56bfc062723c751e8b465ee728b)
Start importing Assets/PluginsPagages/Controllers/vr_glove/vr_glove_right_model.fbx using Guid(f5d83aa9c59063348b61c7fac5f35a76) Importer(815301076,1909f56bfc062723c751e8b465ee728b)  -> (artifact id: 'c1a6f643f74e41e30a7c7124a2ec183e') in 0.074570 seconds
  Import took 0.085937 seconds .

========================================================================
Received Import Request.
  Time since last request: 0.000083 seconds.
  path: Assets/PluginsPagages/Controllers/oculus_quest2_controller_left/oculus_quest2_controller_left_button_y.obj
  artifactKey: Guid(38f533dbb02fd074587fb9d49507241f) Importer(815301076,1909f56bfc062723c751e8b465ee728b)
Start importing Assets/PluginsPagages/Controllers/oculus_quest2_controller_left/oculus_quest2_controller_left_button_y.obj using Guid(38f533dbb02fd074587fb9d49507241f) Importer(815301076,1909f56bfc062723c751e8b465ee728b)  -> (artifact id: '4b601d41d13d4821343bdb0ece4b0adf') in 0.082232 seconds
  Import took 0.091595 seconds .

========================================================================
Received Import Request.
  Time since last request: 0.000218 seconds.
  path: Assets/PluginsPagages/Controllers/oculus_quest2_controller_left/oculus_quest2_controller_left_button_x.obj
  artifactKey: Guid(c7a2dcb2c9850b54899678ffc05e833d) Importer(815301076,1909f56bfc062723c751e8b465ee728b)
Start importing Assets/PluginsPagages/Controllers/oculus_quest2_controller_left/oculus_quest2_controller_left_button_x.obj using Guid(c7a2dcb2c9850b54899678ffc05e833d) Importer(815301076,1909f56bfc062723c751e8b465ee728b)  -> (artifact id: '1d263803f902a455c337b6b9c7380539') in 0.069044 seconds
  Import took 0.074285 seconds .

========================================================================
Received Import Request.
  Time since last request: 0.000255 seconds.
  path: Assets/PluginsPagages/Controllers/oculus_quest2_controller_left/oculus_quest2_controller_left_trigger.obj
  artifactKey: Guid(43d81e61029b24345be17ca1363d18e9) Importer(815301076,1909f56bfc062723c751e8b465ee728b)
Start importing Assets/PluginsPagages/Controllers/oculus_quest2_controller_left/oculus_quest2_controller_left_trigger.obj using Guid(43d81e61029b24345be17ca1363d18e9) Importer(815301076,1909f56bfc062723c751e8b465ee728b)  -> (artifact id: 'e21b8f259b5d86fde31f3bd1b1887181') in 0.074127 seconds
  Import took 0.080864 seconds .

========================================================================
Received Import Request.
  Time since last request: 0.000238 seconds.
  path: Assets/PluginsPagages/Controllers/oculus_quest2_controller_left/oculus_quest2_controller_left.obj
  artifactKey: Guid(5495eb3038a6d6646ad4506366898539) Importer(815301076,1909f56bfc062723c751e8b465ee728b)
Start importing Assets/PluginsPagages/Controllers/oculus_quest2_controller_left/oculus_quest2_controller_left.obj using Guid(5495eb3038a6d6646ad4506366898539) Importer(815301076,1909f56bfc062723c751e8b465ee728b)  -> (artifact id: '86b46191fa91828d69497af7bc44b96d') in 0.072985 seconds
  Import took 0.079557 seconds .

========================================================================
Received Import Request.
  Time since last request: 0.000309 seconds.
  path: Assets/PluginsPagages/Controllers/oculus_quest2_controller_left/oculus_quest2_controller_left_button_menu.obj
  artifactKey: Guid(7376964d2a1012443a29dd1e99c7b699) Importer(815301076,1909f56bfc062723c751e8b465ee728b)
Start importing Assets/PluginsPagages/Controllers/oculus_quest2_controller_left/oculus_quest2_controller_left_button_menu.obj using Guid(7376964d2a1012443a29dd1e99c7b699) Importer(815301076,1909f56bfc062723c751e8b465ee728b)  -> (artifact id: '7a26580b10dc40e6a9bb616627410668') in 0.376059 seconds
  Import took 0.387744 seconds .

========================================================================
Received Import Request.
  Time since last request: 0.000364 seconds.
  path: Assets/PluginsPagages/Controllers/oculus_quest2_controller_right/oculus_quest2_controller_right.obj
  artifactKey: Guid(7e2924ba9689561409b3e4bfe9d16c79) Importer(815301076,1909f56bfc062723c751e8b465ee728b)
Start importing Assets/PluginsPagages/Controllers/oculus_quest2_controller_right/oculus_quest2_controller_right.obj using Guid(7e2924ba9689561409b3e4bfe9d16c79) Importer(815301076,1909f56bfc062723c751e8b465ee728b)  -> (artifact id: '203a97f8ad33479a9e1de81115f8d3a5') in 0.121774 seconds
  Import took 0.131382 seconds .

========================================================================
Received Import Request.
  Time since last request: 0.000280 seconds.
  path: Assets/PluginsPagages/Controllers/oculus_quest2_controller_left/oculus_quest2_controller_left_thumbstick.obj
  artifactKey: Guid(77b60ddcbfe2e4f4ab91e3c8c4d2839c) Importer(815301076,1909f56bfc062723c751e8b465ee728b)
Start importing Assets/PluginsPagages/Controllers/oculus_quest2_controller_left/oculus_quest2_controller_left_thumbstick.obj using Guid(77b60ddcbfe2e4f4ab91e3c8c4d2839c) Importer(815301076,1909f56bfc062723c751e8b465ee728b)  -> (artifact id: '099e89214e61c6f6f045d4ef4eb0410f') in 0.099797 seconds
  Import took 0.107781 seconds .

========================================================================
Received Import Request.
  Time since last request: 0.000267 seconds.
  path: Assets/PluginsPagages/Controllers/oculus_quest2_controller_right/oculus_quest2_controller_right_trigger.obj
  artifactKey: Guid(8b7cb484f29239b489685f75020fa30c) Importer(815301076,1909f56bfc062723c751e8b465ee728b)
Start importing Assets/PluginsPagages/Controllers/oculus_quest2_controller_right/oculus_quest2_controller_right_trigger.obj using Guid(8b7cb484f29239b489685f75020fa30c) Importer(815301076,1909f56bfc062723c751e8b465ee728b)  -> (artifact id: '5569580e18df820a2c482b1e182496bc') in 0.120652 seconds
  Import took 0.126531 seconds .

========================================================================
Received Import Request.
  Time since last request: 0.001672 seconds.
  path: Assets/PluginsPagages/Controllers/oculus_quest2_controller_left/oculus_quest2_controller_left_body.obj
  artifactKey: Guid(32254cd560ac99e4b81557f2f9b90e9c) Importer(815301076,1909f56bfc062723c751e8b465ee728b)
Start importing Assets/PluginsPagages/Controllers/oculus_quest2_controller_left/oculus_quest2_controller_left_body.obj using Guid(32254cd560ac99e4b81557f2f9b90e9c) Importer(815301076,1909f56bfc062723c751e8b465ee728b)  -> (artifact id: 'fb91af005c58874d248dc3596c98c1d3') in 0.143562 seconds
  Import took 0.153568 seconds .

========================================================================
Received Import Request.
  Time since last request: 0.000282 seconds.
  path: Assets/PluginsPagages/Controllers/oculus_quest2_controller_right/oculus_quest2_controller_right_thumbstick.obj
  artifactKey: Guid(d922239e2855c9845be647e5e578f0fa) Importer(815301076,1909f56bfc062723c751e8b465ee728b)
Start importing Assets/PluginsPagages/Controllers/oculus_quest2_controller_right/oculus_quest2_controller_right_thumbstick.obj using Guid(d922239e2855c9845be647e5e578f0fa) Importer(815301076,1909f56bfc062723c751e8b465ee728b)  -> (artifact id: '31546c6f919724c61fd5f59c72500d84') in 0.092883 seconds
  Import took 0.098598 seconds .

========================================================================
Received Prepare
Registering precompiled user dll's ...
Registered in 0.023369 seconds.
Begin MonoManager ReloadAssembly
Refreshing native plugins compatible for Editor in 2.05 ms, found 10 plugins.
Preloading 2 native plugins for Editor in 0.25 ms.
Invoked RoslynAnalysisRunner static constructor.
RoslynAnalysisRunner will not be running.
RoslynAnalysisRunner has terminated.
Mono: successfully reloaded assembly
- Completed reload, in  1.504 seconds
Platform modules already initialized, skipping
Shader 'Oculus/OVRMRCameraFrameLit': fallback shader 'Alpha-Diffuse' not found
Refreshing native plugins compatible for Editor in 1.64 ms, found 10 plugins.
Preloading 2 native plugins for Editor in 0.66 ms.
Unloading 2402 Unused Serialized files (Serialized files now loaded: 0)
System memory in use before: 201.8 MB.
System memory in use after: 201.6 MB.

Unloading 32 unused Assets to reduce memory usage. Loaded Objects now: 3029.
Total: 7.346000 ms (FindLiveObjects: 0.410800 ms CreateObjectMapping: 0.156700 ms MarkObjects: 6.020800 ms  DeleteObjects: 0.755200 ms)

========================================================================
Received Import Request.
  Time since last request: 245.953398 seconds.
  path: Assets/Prefabs/Spawner.prefab
  artifactKey: Guid(787bc587fe7ac7546b16d8c7b7167f64) Importer(815301076,1909f56bfc062723c751e8b465ee728b)
Start importing Assets/Prefabs/Spawner.prefab using Guid(787bc587fe7ac7546b16d8c7b7167f64) Importer(815301076,1909f56bfc062723c751e8b465ee728b)  -> (artifact id: '2ad3894d20f4ac91a73f107048b34751') in 0.088459 seconds
  Import took 0.105487 seconds .

========================================================================
Received Import Request.
  Time since last request: 19.342824 seconds.
  path: Assets/Prefabs/Obstacle2.prefab
  artifactKey: Guid(29a8419d6234c2c40bb9e66d54e82405) Importer(815301076,1909f56bfc062723c751e8b465ee728b)
Start importing Assets/Prefabs/Obstacle2.prefab using Guid(29a8419d6234c2c40bb9e66d54e82405) Importer(815301076,1909f56bfc062723c751e8b465ee728b)  -> (artifact id: 'c361186689c102c68d464e9b3d581721') in 0.213379 seconds
  Import took 0.230593 seconds .

========================================================================
Received Prepare
Registering precompiled user dll's ...
Registered in 0.011990 seconds.
Begin MonoManager ReloadAssembly
Refreshing native plugins compatible for Editor in 1.81 ms, found 10 plugins.
Preloading 2 native plugins for Editor in 0.25 ms.
Invoked RoslynAnalysisRunner static constructor.
RoslynAnalysisRunner will not be running.
RoslynAnalysisRunner has terminated.
Mono: successfully reloaded assembly
- Completed reload, in  1.971 seconds
Platform modules already initialized, skipping
Shader 'Oculus/OVRMRCameraFrameLit': fallback shader 'Alpha-Diffuse' not found
Refreshing native plugins compatible for Editor in 1.22 ms, found 10 plugins.
Preloading 2 native plugins for Editor in 0.19 ms.
Unloading 2402 Unused Serialized files (Serialized files now loaded: 0)
System memory in use before: 201.8 MB.
System memory in use after: 201.6 MB.

Unloading 32 unused Assets to reduce memory usage. Loaded Objects now: 3034.
Total: 6.287900 ms (FindLiveObjects: 0.468500 ms CreateObjectMapping: 0.230600 ms MarkObjects: 4.855200 ms  DeleteObjects: 0.730700 ms)

========================================================================
Received Import Request.
  Time since last request: 39.677091 seconds.
  path: Assets/Prefabs/Obstacle2.prefab
  artifactKey: Guid(29a8419d6234c2c40bb9e66d54e82405) Importer(815301076,1909f56bfc062723c751e8b465ee728b)
Start importing Assets/Prefabs/Obstacle2.prefab using Guid(29a8419d6234c2c40bb9e66d54e82405) Importer(815301076,1909f56bfc062723c751e8b465ee728b)  -> (artifact id: 'af8e18d91fbcf3a2826b0fd7500c30bd') in 0.373845 seconds
  Import took 0.392565 seconds .

========================================================================
Received Import Request.
  Time since last request: 0.000293 seconds.
  path: Assets/Prefabs/Spawner.prefab
  artifactKey: Guid(787bc587fe7ac7546b16d8c7b7167f64) Importer(815301076,1909f56bfc062723c751e8b465ee728b)
Start importing Assets/Prefabs/Spawner.prefab using Guid(787bc587fe7ac7546b16d8c7b7167f64) Importer(815301076,1909f56bfc062723c751e8b465ee728b)  -> (artifact id: '5eb1da7fbc9bc26ca004590bd2f67e44') in 0.044080 seconds
  Import took 0.077412 seconds .

========================================================================
Received Prepare
Registering precompiled user dll's ...
Registered in 0.024852 seconds.
Begin MonoManager ReloadAssembly
Refreshing native plugins compatible for Editor in 1.37 ms, found 10 plugins.
Preloading 2 native plugins for Editor in 0.25 ms.
Invoked RoslynAnalysisRunner static constructor.
RoslynAnalysisRunner will not be running.
RoslynAnalysisRunner has terminated.
Mono: successfully reloaded assembly
- Completed reload, in  1.963 seconds
Platform modules already initialized, skipping
Shader 'Oculus/OVRMRCameraFrameLit': fallback shader 'Alpha-Diffuse' not found
Refreshing native plugins compatible for Editor in 1.57 ms, found 10 plugins.
Preloading 2 native plugins for Editor in 0.17 ms.
Unloading 2402 Unused Serialized files (Serialized files now loaded: 0)
System memory in use before: 201.8 MB.
System memory in use after: 201.6 MB.

Unloading 32 unused Assets to reduce memory usage. Loaded Objects now: 3039.
Total: 4.003600 ms (FindLiveObjects: 0.344200 ms CreateObjectMapping: 0.215500 ms MarkObjects: 2.815200 ms  DeleteObjects: 0.627200 ms)

========================================================================
Received Import Request.
  Time since last request: 29.645272 seconds.
  path: Assets/Prefabs/Obstacle2.prefab
  artifactKey: Guid(29a8419d6234c2c40bb9e66d54e82405) Importer(815301076,1909f56bfc062723c751e8b465ee728b)
Start importing Assets/Prefabs/Obstacle2.prefab using Guid(29a8419d6234c2c40bb9e66d54e82405) Importer(815301076,1909f56bfc062723c751e8b465ee728b)  -> (artifact id: '8840380a4afb1b3bc91e643f787d9e15') in 0.085909 seconds
  Import took 0.091693 seconds .

========================================================================
Received Import Request.
  Time since last request: 0.000379 seconds.
  path: Assets/Prefabs/Spawner.prefab
  artifactKey: Guid(787bc587fe7ac7546b16d8c7b7167f64) Importer(815301076,1909f56bfc062723c751e8b465ee728b)
Start importing Assets/Prefabs/Spawner.prefab using Guid(787bc587fe7ac7546b16d8c7b7167f64) Importer(815301076,1909f56bfc062723c751e8b465ee728b)  -> (artifact id: 'daa040443b6d4d7ac51baa0179d6e942') in 0.052870 seconds
  Import took 0.060491 seconds .

========================================================================
Received Prepare
Registering precompiled user dll's ...
Registered in 0.013275 seconds.
Begin MonoManager ReloadAssembly
Refreshing native plugins compatible for Editor in 1.49 ms, found 10 plugins.
Preloading 2 native plugins for Editor in 0.54 ms.
Invoked RoslynAnalysisRunner static constructor.
RoslynAnalysisRunner will not be running.
RoslynAnalysisRunner has terminated.
Mono: successfully reloaded assembly
- Completed reload, in  1.817 seconds
Platform modules already initialized, skipping
Shader 'Oculus/OVRMRCameraFrameLit': fallback shader 'Alpha-Diffuse' not found
Refreshing native plugins compatible for Editor in 7.60 ms, found 10 plugins.
Preloading 2 native plugins for Editor in 0.21 ms.
Unloading 2402 Unused Serialized files (Serialized files now loaded: 0)
System memory in use before: 201.9 MB.
System memory in use after: 201.6 MB.

Unloading 32 unused Assets to reduce memory usage. Loaded Objects now: 3044.
Total: 6.312800 ms (FindLiveObjects: 0.978200 ms CreateObjectMapping: 0.359200 ms MarkObjects: 4.177100 ms  DeleteObjects: 0.795800 ms)

========================================================================
Received Import Request.
  Time since last request: 36.256273 seconds.
  path: Assets/Prefabs/Obstacle2.prefab
  artifactKey: Guid(29a8419d6234c2c40bb9e66d54e82405) Importer(815301076,1909f56bfc062723c751e8b465ee728b)
Start importing Assets/Prefabs/Obstacle2.prefab using Guid(29a8419d6234c2c40bb9e66d54e82405) Importer(815301076,1909f56bfc062723c751e8b465ee728b)  -> (artifact id: '33c0d95d26b2e929936bc9070a97e551') in 0.330360 seconds
  Import took 0.337027 seconds .

========================================================================
Received Import Request.
  Time since last request: 4.650756 seconds.
  path: Assets/Prefabs/Obstacle2.prefab
  artifactKey: Guid(29a8419d6234c2c40bb9e66d54e82405) Importer(815301076,1909f56bfc062723c751e8b465ee728b)
Start importing Assets/Prefabs/Obstacle2.prefab using Guid(29a8419d6234c2c40bb9e66d54e82405) Importer(815301076,1909f56bfc062723c751e8b465ee728b)  -> (artifact id: 'b4df72522a207e3afb4cd49bb58b620c') in 0.285750 seconds
  Import took 0.302428 seconds .

========================================================================
Received Import Request.
  Time since last request: 0.000257 seconds.
  path: Assets/Prefabs/Obstacle2.prefab
  artifactKey: Guid(29a8419d6234c2c40bb9e66d54e82405) Importer(815301076,1909f56bfc062723c751e8b465ee728b)
Start importing Assets/Prefabs/Obstacle2.prefab using Guid(29a8419d6234c2c40bb9e66d54e82405) Importer(815301076,1909f56bfc062723c751e8b465ee728b)  -> (artifact id: '0d41bc9b13ff4067fecd767ef4019533') in 0.064711 seconds
  Import took 0.074038 seconds .

========================================================================
Received Import Request.
  Time since last request: 0.255242 seconds.
  path: Assets/Prefabs/Obstacle2.prefab
  artifactKey: Guid(29a8419d6234c2c40bb9e66d54e82405) Importer(815301076,1909f56bfc062723c751e8b465ee728b)
Start importing Assets/Prefabs/Obstacle2.prefab using Guid(29a8419d6234c2c40bb9e66d54e82405) Importer(815301076,1909f56bfc062723c751e8b465ee728b)  -> (artifact id: 'f1c08917c5786515048c2232fd8a9745') in 0.037133 seconds
  Import took 0.053251 seconds .

========================================================================
Received Prepare
Registering precompiled user dll's ...
Registered in 0.012604 seconds.
Begin MonoManager ReloadAssembly
Refreshing native plugins compatible for Editor in 1.11 ms, found 10 plugins.
Preloading 2 native plugins for Editor in 0.23 ms.
Invoked RoslynAnalysisRunner static constructor.
RoslynAnalysisRunner will not be running.
RoslynAnalysisRunner has terminated.
Mono: successfully reloaded assembly
- Completed reload, in  1.399 seconds
Platform modules already initialized, skipping
Shader 'Oculus/OVRMRCameraFrameLit': fallback shader 'Alpha-Diffuse' not found
Refreshing native plugins compatible for Editor in 1.45 ms, found 10 plugins.
Preloading 2 native plugins for Editor in 0.34 ms.
Unloading 2402 Unused Serialized files (Serialized files now loaded: 0)
System memory in use before: 201.8 MB.
System memory in use after: 201.5 MB.

Unloading 32 unused Assets to reduce memory usage. Loaded Objects now: 3049.
Total: 4.478600 ms (FindLiveObjects: 0.596700 ms CreateObjectMapping: 0.349300 ms MarkObjects: 2.878900 ms  DeleteObjects: 0.651100 ms)

========================================================================
Received Prepare
Registering precompiled user dll's ...
Registered in 0.011112 seconds.
Begin MonoManager ReloadAssembly
Refreshing native plugins compatible for Editor in 1.19 ms, found 10 plugins.
Preloading 2 native plugins for Editor in 0.41 ms.
Invoked RoslynAnalysisRunner static constructor.
RoslynAnalysisRunner will not be running.
RoslynAnalysisRunner has terminated.
Mono: successfully reloaded assembly
- Completed reload, in  2.558 seconds
Platform modules already initialized, skipping
Shader 'Oculus/OVRMRCameraFrameLit': fallback shader 'Alpha-Diffuse' not found
Refreshing native plugins compatible for Editor in 1.38 ms, found 10 plugins.
Preloading 2 native plugins for Editor in 0.19 ms.
Unloading 2402 Unused Serialized files (Serialized files now loaded: 0)
System memory in use before: 201.9 MB.
System memory in use after: 201.6 MB.

Unloading 32 unused Assets to reduce memory usage. Loaded Objects now: 3053.
Total: 5.260400 ms (FindLiveObjects: 0.562700 ms CreateObjectMapping: 0.194600 ms MarkObjects: 2.560800 ms  DeleteObjects: 1.940600 ms)

========================================================================
Received Prepare
Registering precompiled user dll's ...
Registered in 0.012741 seconds.
Begin MonoManager ReloadAssembly
Refreshing native plugins compatible for Editor in 1.26 ms, found 10 plugins.
Preloading 2 native plugins for Editor in 0.20 ms.
Invoked RoslynAnalysisRunner static constructor.
RoslynAnalysisRunner will not be running.
RoslynAnalysisRunner has terminated.
Mono: successfully reloaded assembly
- Completed reload, in  1.453 seconds
Platform modules already initialized, skipping
Shader 'Oculus/OVRMRCameraFrameLit': fallback shader 'Alpha-Diffuse' not found
Refreshing native plugins compatible for Editor in 10.88 ms, found 10 plugins.
Preloading 2 native plugins for Editor in 0.70 ms.
Unloading 2402 Unused Serialized files (Serialized files now loaded: 0)
System memory in use before: 201.9 MB.
System memory in use after: 201.6 MB.

Unloading 32 unused Assets to reduce memory usage. Loaded Objects now: 3057.
Total: 21.959800 ms (FindLiveObjects: 9.646800 ms CreateObjectMapping: 0.266200 ms MarkObjects: 11.028000 ms  DeleteObjects: 1.016800 ms)

========================================================================
Received Import Request.
  Time since last request: 186.143548 seconds.
  path: Assets/Prefabs/Obstacle2.prefab
  artifactKey: Guid(29a8419d6234c2c40bb9e66d54e82405) Importer(815301076,1909f56bfc062723c751e8b465ee728b)
Start importing Assets/Prefabs/Obstacle2.prefab using Guid(29a8419d6234c2c40bb9e66d54e82405) Importer(815301076,1909f56bfc062723c751e8b465ee728b)  -> (artifact id: 'a3ed8426b5486b2eebe9f30b73b8061f') in 0.294644 seconds
  Import took 0.316777 seconds .

========================================================================
Received Import Request.
  Time since last request: 0.000298 seconds.
  path: Assets/Prefabs/Obstacle2.prefab
  artifactKey: Guid(29a8419d6234c2c40bb9e66d54e82405) Importer(815301076,1909f56bfc062723c751e8b465ee728b)
Start importing Assets/Prefabs/Obstacle2.prefab using Guid(29a8419d6234c2c40bb9e66d54e82405) Importer(815301076,1909f56bfc062723c751e8b465ee728b)  -> (artifact id: 'a3ed8426b5486b2eebe9f30b73b8061f') in 0.042810 seconds
  Import took 0.050749 seconds .

========================================================================
Received Prepare
Registering precompiled user dll's ...
Registered in 0.019829 seconds.
Begin MonoManager ReloadAssembly
Refreshing native plugins compatible for Editor in 1.42 ms, found 10 plugins.
Preloading 2 native plugins for Editor in 0.22 ms.
Invoked RoslynAnalysisRunner static constructor.
RoslynAnalysisRunner will not be running.
RoslynAnalysisRunner has terminated.
Mono: successfully reloaded assembly
- Completed reload, in  2.277 seconds
Platform modules already initialized, skipping
Shader 'Oculus/OVRMRCameraFrameLit': fallback shader 'Alpha-Diffuse' not found
Refreshing native plugins compatible for Editor in 3.52 ms, found 10 plugins.
Preloading 2 native plugins for Editor in 0.25 ms.
Unloading 2402 Unused Serialized files (Serialized files now loaded: 0)
System memory in use before: 201.9 MB.
System memory in use after: 201.6 MB.

Unloading 32 unused Assets to reduce memory usage. Loaded Objects now: 3062.
Total: 5.136400 ms (FindLiveObjects: 0.392800 ms CreateObjectMapping: 0.239100 ms MarkObjects: 3.331800 ms  DeleteObjects: 1.170200 ms)

AssetImportWorkerClient::OnTransportError - code=2 error=End of file
