Using pre-set license
Built from '2020.2/staging' branch; Version is '2020.2.7f1 (c53830e277f1) revision 12924976'; Using compiler version '192528614'; Build Type 'Release'
OS: 'Windows 10 Home; OS build 19042.928; Version 2009; 64bit' Language: 'sv' Physical Memory: 8145 MB
BatchMode: 1, IsHumanControllingUs: 0, StartBugReporterOnCrash: 0, Is64bit: 1, IsPro: 0

 COMMAND LINE ARGUMENTS:
C:\Program Files\Unity\Hub\Editor\2020.2.7f1\Editor\Unity.exe
-adb2
-batchMode
-noUpm
-name
AssetImportWorker3
-projectPath
C:/Users/xelez/Documents/GitHub/VR/Degree-Project/ObstaclePath
-logFile
Logs/AssetImportWorker3.log
-srvPort
60910
Successfully changed project path to: C:/Users/xelez/Documents/GitHub/VR/Degree-Project/ObstaclePath
C:/Users/xelez/Documents/GitHub/VR/Degree-Project/ObstaclePath
Using Asset Import Pipeline V2.
Refreshing native plugins compatible for Editor in 285.64 ms, found 10 plugins.
Preloading 2 native plugins for Editor in 3.06 ms.
Initialize engine version: 2020.2.7f1 (c53830e277f1)
[Subsystems] Discovering subsystems at path C:/Program Files/Unity/Hub/Editor/2020.2.7f1/Editor/Data/Resources/UnitySubsystems
[Subsystems] Discovering subsystems at path C:/Users/xelez/Documents/GitHub/VR/Degree-Project/ObstaclePath/Assets
GfxDevice: creating device client; threaded=0
Direct3D:
    Version:  Direct3D 11.0 [level 11.1]
    Renderer: NVIDIA GeForce GTX 1070 (ID=0x1b81)
    Vendor:   
    VRAM:     8088 MB
    Driver:   27.21.14.5765
Shader 'Oculus/OVRMRCameraFrameLit': fallback shader 'Alpha-Diffuse' not found
Initialize mono
Mono path[0] = 'C:/Program Files/Unity/Hub/Editor/2020.2.7f1/Editor/Data/Managed'
Mono path[1] = 'C:/Program Files/Unity/Hub/Editor/2020.2.7f1/Editor/Data/MonoBleedingEdge/lib/mono/unityjit'
Mono config path = 'C:/Program Files/Unity/Hub/Editor/2020.2.7f1/Editor/Data/MonoBleedingEdge/etc'
Using monoOptions --debugger-agent=transport=dt_socket,embedding=1,server=y,suspend=n,address=127.0.0.1:56688
Begin MonoManager ReloadAssembly
Registering precompiled unity dll's ...
Registered in 0.002745 seconds.
Refreshing native plugins compatible for Editor in 129.11 ms, found 10 plugins.
Preloading 2 native plugins for Editor in 0.30 ms.
Invoked RoslynAnalysisRunner static constructor.
RoslynAnalysisRunner will not be running.
RoslynAnalysisRunner has terminated.
Mono: successfully reloaded assembly
- Completed reload, in  3.900 seconds
Platform modules already initialized, skipping
Registering precompiled user dll's ...
Registered in 0.022077 seconds.
Begin MonoManager ReloadAssembly
Refreshing native plugins compatible for Editor in 213.16 ms, found 10 plugins.
Preloading 2 native plugins for Editor in 0.20 ms.
Invoked RoslynAnalysisRunner static constructor.
RoslynAnalysisRunner will not be running.
RoslynAnalysisRunner has terminated.
[XR] OculusXRPlugin: registering subsystems
[XR] Unable to register display lifecyle provider: [1]
[XR] Oculus Input lifecycle provider registered.
[XR] Unable to register input lifecyle provider: [1]
[XR] OVRP version 1.57.0
Mono: successfully reloaded assembly
- Completed reload, in  1.873 seconds
Platform modules already initialized, skipping
========================================================================
Worker process is ready to serve import requests
Shader 'Oculus/OVRMRCameraFrameLit': fallback shader 'Alpha-Diffuse' not found
Launched and connected shader compiler UnityShaderCompiler.exe after 0.08 seconds
Refreshing native plugins compatible for Editor in 1.30 ms, found 10 plugins.
Preloading 2 native plugins for Editor in 0.23 ms.
Unloading 2520 Unused Serialized files (Serialized files now loaded: 0)
System memory in use before: 190.9 MB.
System memory in use after: 190.6 MB.

Unloading 39 unused Assets to reduce memory usage. Loaded Objects now: 2953.
Total: 3.892100 ms (FindLiveObjects: 0.298800 ms CreateObjectMapping: 0.300800 ms MarkObjects: 2.555600 ms  DeleteObjects: 0.735300 ms)

========================================================================
Received Import Request.
  path: Assets/Prefabs/Obstacle1.prefab
  artifactKey: Guid(87c28ca4c7bfcdd4ca40406f3b33fce9) Importer(815301076,1909f56bfc062723c751e8b465ee728b)
Start importing Assets/Prefabs/Obstacle1.prefab using Guid(87c28ca4c7bfcdd4ca40406f3b33fce9) Importer(815301076,1909f56bfc062723c751e8b465ee728b)  -> (artifact id: '9f1a9f35de3d35e51e42d88ebad8c464') in 0.153583 seconds
  Import took 0.160279 seconds .

========================================================================
Received Prepare
Shader 'Oculus/OVRMRCameraFrameLit': fallback shader 'Alpha-Diffuse' not found
Refreshing native plugins compatible for Editor in 15.76 ms, found 10 plugins.
Preloading 2 native plugins for Editor in 0.18 ms.
Unloading 29 Unused Serialized files (Serialized files now loaded: 0)
System memory in use before: 139.7 MB.
System memory in use after: 139.4 MB.

Unloading 29 unused Assets to reduce memory usage. Loaded Objects now: 2961.
Total: 5.465800 ms (FindLiveObjects: 0.339300 ms CreateObjectMapping: 0.303500 ms MarkObjects: 4.287000 ms  DeleteObjects: 0.534300 ms)

========================================================================
Received Import Request.
  Time since last request: 14.013251 seconds.
  path: Assets/Prefabs/Prefabs/RedCube.prefab
  artifactKey: Guid(d99a84dc19721b1498e870f63d24cf5a) Importer(815301076,1909f56bfc062723c751e8b465ee728b)
Start importing Assets/Prefabs/Prefabs/RedCube.prefab using Guid(d99a84dc19721b1498e870f63d24cf5a) Importer(815301076,1909f56bfc062723c751e8b465ee728b)  -> (artifact id: 'c9b376220da1047f6f9dd8fb38927723') in 0.071506 seconds
  Import took 0.092002 seconds .

========================================================================
Received Import Request.
  Time since last request: 9.707640 seconds.
  path: Assets/Prefabs/Prefabs/BlueCube.prefab
  artifactKey: Guid(e523f1397cf472c42b44519816dfe1b0) Importer(815301076,1909f56bfc062723c751e8b465ee728b)
Start importing Assets/Prefabs/Prefabs/BlueCube.prefab using Guid(e523f1397cf472c42b44519816dfe1b0) Importer(815301076,1909f56bfc062723c751e8b465ee728b)  -> (artifact id: 'c68db2351ddd4db18efab2cc4c8fa841') in 0.040565 seconds
  Import took 0.052170 seconds .

========================================================================
Received Import Request.
  Time since last request: 5.535310 seconds.
  path: Assets/Prefabs/Prefabs/BlueCube.prefab
  artifactKey: Guid(e523f1397cf472c42b44519816dfe1b0) Importer(815301076,1909f56bfc062723c751e8b465ee728b)
Start importing Assets/Prefabs/Prefabs/BlueCube.prefab using Guid(e523f1397cf472c42b44519816dfe1b0) Importer(815301076,1909f56bfc062723c751e8b465ee728b)  -> (artifact id: '4ac3b451692e15804a0816eca0fd5f25') in 0.033428 seconds
  Import took 0.047052 seconds .

========================================================================
Received Prepare
Registering precompiled user dll's ...
Registered in 0.016050 seconds.
Begin MonoManager ReloadAssembly
Refreshing native plugins compatible for Editor in 7.63 ms, found 10 plugins.
Preloading 2 native plugins for Editor in 0.39 ms.
Invoked RoslynAnalysisRunner static constructor.
RoslynAnalysisRunner will not be running.
RoslynAnalysisRunner has terminated.
Mono: successfully reloaded assembly
- Completed reload, in 21.879 seconds
Platform modules already initialized, skipping
Shader 'Oculus/OVRMRCameraFrameLit': fallback shader 'Alpha-Diffuse' not found
Refreshing native plugins compatible for Editor in 2.56 ms, found 10 plugins.
Preloading 2 native plugins for Editor in 0.19 ms.
Unloading 2402 Unused Serialized files (Serialized files now loaded: 0)
System memory in use before: 186.7 MB.
System memory in use after: 186.5 MB.

Unloading 32 unused Assets to reduce memory usage. Loaded Objects now: 2965.
Total: 13.496000 ms (FindLiveObjects: 0.774500 ms CreateObjectMapping: 0.672300 ms MarkObjects: 10.313300 ms  DeleteObjects: 1.733900 ms)

========================================================================
Received Import Request.
  Time since last request: 252.101652 seconds.
  path: Assets/Prefabs/Obstacle.prefab
  artifactKey: Guid(f1ec683afebaefc46a9c4d8a7049f67a) Importer(815301076,1909f56bfc062723c751e8b465ee728b)
Start importing Assets/Prefabs/Obstacle.prefab using Guid(f1ec683afebaefc46a9c4d8a7049f67a) Importer(815301076,1909f56bfc062723c751e8b465ee728b)  -> (artifact id: 'b0457965482672c77dfee11296d0cf20') in 0.299497 seconds
  Import took 0.340620 seconds .

========================================================================
Received Prepare
Registering precompiled user dll's ...
Registered in 1.628166 seconds.
Begin MonoManager ReloadAssembly
Refreshing native plugins compatible for Editor in 1.13 ms, found 10 plugins.
Preloading 2 native plugins for Editor in 0.20 ms.
Invoked RoslynAnalysisRunner static constructor.
RoslynAnalysisRunner will not be running.
RoslynAnalysisRunner has terminated.
Mono: successfully reloaded assembly
- Completed reload, in  8.935 seconds
Platform modules already initialized, skipping
Shader 'Oculus/OVRMRCameraFrameLit': fallback shader 'Alpha-Diffuse' not found
Refreshing native plugins compatible for Editor in 1.84 ms, found 10 plugins.
Preloading 2 native plugins for Editor in 0.21 ms.
Unloading 2402 Unused Serialized files (Serialized files now loaded: 0)
System memory in use before: 186.8 MB.
System memory in use after: 186.5 MB.

Unloading 32 unused Assets to reduce memory usage. Loaded Objects now: 2970.
Total: 10.649600 ms (FindLiveObjects: 1.240300 ms CreateObjectMapping: 0.790300 ms MarkObjects: 7.009900 ms  DeleteObjects: 1.607300 ms)

========================================================================
Received Import Request.
  Time since last request: 171.945909 seconds.
  path: Assets/Prefabs/Obstacle2.prefab
  artifactKey: Guid(29a8419d6234c2c40bb9e66d54e82405) Importer(815301076,1909f56bfc062723c751e8b465ee728b)
Start importing Assets/Prefabs/Obstacle2.prefab using Guid(29a8419d6234c2c40bb9e66d54e82405) Importer(815301076,1909f56bfc062723c751e8b465ee728b)  -> (artifact id: '834306499a314eee1ba8be65789023f2') in 0.131122 seconds
  Import took 0.172645 seconds .

========================================================================
Received Import Request.
  Time since last request: 0.000308 seconds.
  path: Assets/Prefabs/Obstacle.prefab
  artifactKey: Guid(f1ec683afebaefc46a9c4d8a7049f67a) Importer(815301076,1909f56bfc062723c751e8b465ee728b)
Start importing Assets/Prefabs/Obstacle.prefab using Guid(f1ec683afebaefc46a9c4d8a7049f67a) Importer(815301076,1909f56bfc062723c751e8b465ee728b)  -> (artifact id: '20057d628afabe38b810938c04326e1e') in 0.033839 seconds
  Import took 0.062134 seconds .

========================================================================
Received Prepare
Registering precompiled user dll's ...
Registered in 0.034289 seconds.
Begin MonoManager ReloadAssembly
Refreshing native plugins compatible for Editor in 1.37 ms, found 10 plugins.
Preloading 2 native plugins for Editor in 0.37 ms.
Invoked RoslynAnalysisRunner static constructor.
RoslynAnalysisRunner will not be running.
RoslynAnalysisRunner has terminated.
Mono: successfully reloaded assembly
- Completed reload, in  1.942 seconds
Platform modules already initialized, skipping
Shader 'Oculus/OVRMRCameraFrameLit': fallback shader 'Alpha-Diffuse' not found
Refreshing native plugins compatible for Editor in 11.54 ms, found 10 plugins.
Preloading 2 native plugins for Editor in 0.35 ms.
Unloading 2402 Unused Serialized files (Serialized files now loaded: 0)
System memory in use before: 186.8 MB.
System memory in use after: 186.5 MB.

Unloading 32 unused Assets to reduce memory usage. Loaded Objects now: 2975.
Total: 5.550200 ms (FindLiveObjects: 0.380100 ms CreateObjectMapping: 0.124000 ms MarkObjects: 4.160500 ms  DeleteObjects: 0.883600 ms)

========================================================================
Received Prepare
Registering precompiled user dll's ...
Registered in 0.029307 seconds.
Begin MonoManager ReloadAssembly
Refreshing native plugins compatible for Editor in 1.32 ms, found 10 plugins.
Preloading 2 native plugins for Editor in 0.34 ms.
Invoked RoslynAnalysisRunner static constructor.
RoslynAnalysisRunner will not be running.
RoslynAnalysisRunner has terminated.
Mono: successfully reloaded assembly
- Completed reload, in  3.847 seconds
Platform modules already initialized, skipping
Shader 'Oculus/OVRMRCameraFrameLit': fallback shader 'Alpha-Diffuse' not found
Refreshing native plugins compatible for Editor in 1.23 ms, found 10 plugins.
Preloading 2 native plugins for Editor in 0.18 ms.
Unloading 2402 Unused Serialized files (Serialized files now loaded: 0)
System memory in use before: 186.8 MB.
System memory in use after: 186.6 MB.

Unloading 32 unused Assets to reduce memory usage. Loaded Objects now: 2979.
Total: 3.721100 ms (FindLiveObjects: 0.387400 ms CreateObjectMapping: 0.149500 ms MarkObjects: 2.579000 ms  DeleteObjects: 0.603900 ms)

========================================================================
Received Prepare
Registering precompiled user dll's ...
Registered in 0.025274 seconds.
Begin MonoManager ReloadAssembly
Refreshing native plugins compatible for Editor in 12.40 ms, found 10 plugins.
Preloading 2 native plugins for Editor in 0.35 ms.
Invoked RoslynAnalysisRunner static constructor.
RoslynAnalysisRunner will not be running.
RoslynAnalysisRunner has terminated.
Mono: successfully reloaded assembly
- Completed reload, in  1.739 seconds
Platform modules already initialized, skipping
Shader 'Oculus/OVRMRCameraFrameLit': fallback shader 'Alpha-Diffuse' not found
Refreshing native plugins compatible for Editor in 2.24 ms, found 10 plugins.
Preloading 2 native plugins for Editor in 0.22 ms.
Unloading 2402 Unused Serialized files (Serialized files now loaded: 0)
System memory in use before: 186.8 MB.
System memory in use after: 186.5 MB.

Unloading 32 unused Assets to reduce memory usage. Loaded Objects now: 2983.
Total: 321.153200 ms (FindLiveObjects: 197.402900 ms CreateObjectMapping: 0.454800 ms MarkObjects: 107.657800 ms  DeleteObjects: 15.635300 ms)

========================================================================
Received Prepare
Registering precompiled user dll's ...
Registered in 18.734791 seconds.
Begin MonoManager ReloadAssembly
Refreshing native plugins compatible for Editor in 1.17 ms, found 10 plugins.
Preloading 2 native plugins for Editor in 0.19 ms.
Invoked RoslynAnalysisRunner static constructor.
RoslynAnalysisRunner will not be running.
RoslynAnalysisRunner has terminated.
Mono: successfully reloaded assembly
- Completed reload, in 13.709 seconds
Platform modules already initialized, skipping
Shader 'Oculus/OVRMRCameraFrameLit': fallback shader 'Alpha-Diffuse' not found
Refreshing native plugins compatible for Editor in 2.63 ms, found 10 plugins.
Preloading 2 native plugins for Editor in 0.17 ms.
Unloading 2402 Unused Serialized files (Serialized files now loaded: 0)
System memory in use before: 186.9 MB.
System memory in use after: 186.6 MB.

Unloading 32 unused Assets to reduce memory usage. Loaded Objects now: 2987.
Total: 3.913400 ms (FindLiveObjects: 0.308800 ms CreateObjectMapping: 0.127700 ms MarkObjects: 2.615600 ms  DeleteObjects: 0.859800 ms)

========================================================================
Received Prepare
Registering precompiled user dll's ...
Registered in 0.104504 seconds.
Begin MonoManager ReloadAssembly
Refreshing native plugins compatible for Editor in 1.37 ms, found 10 plugins.
Preloading 2 native plugins for Editor in 0.28 ms.
Invoked RoslynAnalysisRunner static constructor.
RoslynAnalysisRunner will not be running.
RoslynAnalysisRunner has terminated.
Mono: successfully reloaded assembly
- Completed reload, in  5.837 seconds
Platform modules already initialized, skipping
Shader 'Oculus/OVRMRCameraFrameLit': fallback shader 'Alpha-Diffuse' not found
Refreshing native plugins compatible for Editor in 1.31 ms, found 10 plugins.
Preloading 2 native plugins for Editor in 0.18 ms.
Unloading 2402 Unused Serialized files (Serialized files now loaded: 0)
System memory in use before: 186.9 MB.
System memory in use after: 186.6 MB.

Unloading 32 unused Assets to reduce memory usage. Loaded Objects now: 2991.
Total: 5.052700 ms (FindLiveObjects: 0.357400 ms CreateObjectMapping: 0.512600 ms MarkObjects: 3.373300 ms  DeleteObjects: 0.807800 ms)

========================================================================
Received Import Request.
  Time since last request: 1479.932537 seconds.
  path: Assets/Prefabs/Obstacle2.prefab
  artifactKey: Guid(29a8419d6234c2c40bb9e66d54e82405) Importer(815301076,1909f56bfc062723c751e8b465ee728b)
Start importing Assets/Prefabs/Obstacle2.prefab using Guid(29a8419d6234c2c40bb9e66d54e82405) Importer(815301076,1909f56bfc062723c751e8b465ee728b)  -> (artifact id: '0a04be3d19f553a390a90761019c061e') in 0.210244 seconds
  Import took 0.221913 seconds .

========================================================================
Received Prepare
Registering precompiled user dll's ...
Registered in 0.040997 seconds.
Begin MonoManager ReloadAssembly
Refreshing native plugins compatible for Editor in 1.33 ms, found 10 plugins.
Preloading 2 native plugins for Editor in 0.40 ms.
Invoked RoslynAnalysisRunner static constructor.
RoslynAnalysisRunner will not be running.
RoslynAnalysisRunner has terminated.
Mono: successfully reloaded assembly
- Completed reload, in  1.945 seconds
Platform modules already initialized, skipping
Shader 'Oculus/OVRMRCameraFrameLit': fallback shader 'Alpha-Diffuse' not found
Refreshing native plugins compatible for Editor in 1.40 ms, found 10 plugins.
Preloading 2 native plugins for Editor in 0.19 ms.
Unloading 2402 Unused Serialized files (Serialized files now loaded: 0)
System memory in use before: 186.9 MB.
System memory in use after: 186.6 MB.

Unloading 32 unused Assets to reduce memory usage. Loaded Objects now: 2996.
Total: 5.690800 ms (FindLiveObjects: 0.388600 ms CreateObjectMapping: 0.149700 ms MarkObjects: 4.564600 ms  DeleteObjects: 0.585900 ms)

========================================================================
Received Prepare
Registering precompiled user dll's ...
Registered in 0.012298 seconds.
Begin MonoManager ReloadAssembly
Refreshing native plugins compatible for Editor in 2.97 ms, found 10 plugins.
Preloading 2 native plugins for Editor in 0.21 ms.
Invoked RoslynAnalysisRunner static constructor.
RoslynAnalysisRunner will not be running.
RoslynAnalysisRunner has terminated.
Mono: successfully reloaded assembly
- Completed reload, in  2.036 seconds
Platform modules already initialized, skipping
Shader 'Oculus/OVRMRCameraFrameLit': fallback shader 'Alpha-Diffuse' not found
Refreshing native plugins compatible for Editor in 1.29 ms, found 10 plugins.
Preloading 2 native plugins for Editor in 0.18 ms.
Unloading 2402 Unused Serialized files (Serialized files now loaded: 0)
System memory in use before: 186.9 MB.
System memory in use after: 186.6 MB.

Unloading 32 unused Assets to reduce memory usage. Loaded Objects now: 3000.
Total: 3.586500 ms (FindLiveObjects: 0.313200 ms CreateObjectMapping: 0.140200 ms MarkObjects: 2.530600 ms  DeleteObjects: 0.600700 ms)

AssetImportWorkerClient::OnTransportError - code=2 error=End of file
